<?xml version="1.0" encoding="UTF-8"?>
<coverage generated="1781839315777" clover="3.2.0">
  <project timestamp="1781839315777" name="All files">
    <metrics statements="173" coveredstatements="159" conditionals="159" coveredconditionals="132" methods="20" coveredmethods="17" elements="352" coveredelements="308" complexity="0" loc="173" ncloc="173" packages="2" files="2" classes="2"/>
    <package name="carbontrack-server">
      <metrics statements="135" coveredstatements="122" conditionals="109" coveredconditionals="93" methods="16" coveredmethods="13"/>
      <file name="server.js" path="/Users/gouravsingh/Downloads/carbontrack-server/server.js">
        <metrics statements="135" coveredstatements="122" conditionals="109" coveredconditionals="93" methods="16" coveredmethods="13"/>
        <line num="1" count="1" type="stmt"/>
        <line num="2" count="1" type="stmt"/>
        <line num="3" count="1" type="stmt"/>
        <line num="4" count="1" type="stmt"/>
        <line num="5" count="1" type="stmt"/>
        <line num="6" count="1" type="stmt"/>
        <line num="7" count="1" type="stmt"/>
        <line num="8" count="1" type="stmt"/>
        <line num="9" count="1" type="stmt"/>
        <line num="10" count="1" type="stmt"/>
        <line num="11" count="1" type="stmt"/>
        <line num="12" count="1" type="stmt"/>
        <line num="14" count="1" type="stmt"/>
        <line num="15" count="1" type="stmt"/>
        <line num="17" count="1" type="cond" truecount="2" falsecount="0"/>
        <line num="18" count="1" type="cond" truecount="2" falsecount="0"/>
        <line num="26" count="1" type="stmt"/>
        <line num="27" count="1" type="cond" truecount="1" falsecount="1"/>
        <line num="32" count="1" type="stmt"/>
        <line num="37" count="1" type="stmt"/>
        <line num="60" count="1" type="cond" truecount="1" falsecount="1"/>
        <line num="61" count="0" type="stmt"/>
        <line num="64" count="1" type="stmt"/>
        <line num="66" count="58" type="cond" truecount="4" falsecount="0"/>
        <line num="67" count="57" type="stmt"/>
        <line num="69" count="1" type="stmt"/>
        <line num="80" count="1" type="stmt"/>
        <line num="85" count="1" type="stmt"/>
        <line num="90" count="1" type="stmt"/>
        <line num="93" count="1" type="cond" truecount="1" falsecount="1"/>
        <line num="94" count="1" type="stmt"/>
        <line num="103" count="44" type="cond" truecount="1" falsecount="1"/>
        <line num="104" count="44" type="stmt"/>
        <line num="105" count="44" type="cond" truecount="2" falsecount="0"/>
        <line num="106" count="44" type="cond" truecount="2" falsecount="0"/>
        <line num="108" count="44" type="cond" truecount="6" falsecount="0"/>
        <line num="110" count="44" type="cond" truecount="2" falsecount="0"/>
        <line num="111" count="1" type="stmt"/>
        <line num="112" count="1" type="stmt"/>
        <line num="115" count="43" type="stmt"/>
        <line num="116" count="43" type="cond" truecount="2" falsecount="0"/>
        <line num="117" count="1" type="stmt"/>
        <line num="118" count="1" type="stmt"/>
        <line num="120" count="42" type="stmt"/>
        <line num="121" count="42" type="stmt"/>
        <line num="122" count="42" type="stmt"/>
        <line num="130" count="44" type="cond" truecount="4" falsecount="0"/>
        <line num="131" count="39" type="stmt"/>
        <line num="134" count="5" type="cond" truecount="1" falsecount="1"/>
        <line num="135" count="5" type="stmt"/>
        <line num="137" count="5" type="cond" truecount="4" falsecount="0"/>
        <line num="139" count="5" type="cond" truecount="5" falsecount="0"/>
        <line num="140" count="3" type="stmt"/>
        <line num="141" count="3" type="stmt"/>
        <line num="143" count="2" type="stmt"/>
        <line num="147" count="2" type="cond" truecount="1" falsecount="1"/>
        <line num="148" count="2" type="stmt"/>
        <line num="154" count="1" type="stmt"/>
        <line num="157" count="8" type="cond" truecount="2" falsecount="0"/>
        <line num="163" count="1" type="stmt"/>
        <line num="166" count="40" type="cond" truecount="2" falsecount="0"/>
        <line num="179" count="1" type="cond" truecount="2" falsecount="0"/>
        <line num="180" count="1" type="cond" truecount="2" falsecount="0"/>
        <line num="186" count="1" type="stmt"/>
        <line num="187" count="8" type="stmt"/>
        <line num="189" count="8" type="cond" truecount="4" falsecount="0"/>
        <line num="190" count="2" type="stmt"/>
        <line num="194" count="6" type="cond" truecount="4" falsecount="0"/>
        <line num="195" count="1" type="stmt"/>
        <line num="197" count="5" type="cond" truecount="3" falsecount="1"/>
        <line num="198" count="0" type="stmt"/>
        <line num="201" count="5" type="stmt"/>
        <line num="202" count="5" type="cond" truecount="2" falsecount="0"/>
        <line num="203" count="1" type="stmt"/>
        <line num="206" count="4" type="stmt"/>
        <line num="208" count="4" type="stmt"/>
        <line num="210" count="4" type="cond" truecount="4" falsecount="0"/>
        <line num="211" count="2" type="stmt"/>
        <line num="212" count="2" type="stmt"/>
        <line num="215" count="2" type="stmt"/>
        <line num="218" count="2" type="stmt"/>
        <line num="226" count="2" type="stmt"/>
        <line num="232" count="2" type="stmt"/>
        <line num="235" count="2" type="stmt"/>
        <line num="241" count="1" type="stmt"/>
        <line num="242" count="1" type="stmt"/>
        <line num="247" count="1" type="stmt"/>
        <line num="251" count="1" type="stmt"/>
        <line num="257" count="1" type="stmt"/>
        <line num="258" count="1" type="stmt"/>
        <line num="259" count="1" type="stmt"/>
        <line num="261" count="1" type="stmt"/>
        <line num="262" count="39" type="stmt"/>
        <line num="263" count="39" type="cond" truecount="3" falsecount="1"/>
        <line num="265" count="39" type="cond" truecount="2" falsecount="0"/>
        <line num="266" count="1" type="stmt"/>
        <line num="267" count="1" type="stmt"/>
        <line num="270" count="38" type="cond" truecount="2" falsecount="0"/>
        <line num="271" count="1" type="stmt"/>
        <line num="272" count="1" type="stmt"/>
        <line num="275" count="37" type="stmt"/>
        <line num="276" count="5" type="cond" truecount="2" falsecount="0"/>
        <line num="281" count="1" type="stmt"/>
        <line num="282" count="1" type="stmt"/>
        <line num="284" count="4" type="cond" truecount="2" falsecount="0"/>
        <line num="285" count="1" type="stmt"/>
        <line num="286" count="1" type="stmt"/>
        <line num="290" count="35" type="cond" truecount="2" falsecount="0"/>
        <line num="291" count="3" type="cond" truecount="1" falsecount="1"/>
        <line num="292" count="0" type="stmt"/>
        <line num="293" count="0" type="stmt"/>
        <line num="295" count="3" type="cond" truecount="2" falsecount="0"/>
        <line num="296" count="1" type="stmt"/>
        <line num="297" count="1" type="stmt"/>
        <line num="301" count="34" type="cond" truecount="1" falsecount="1"/>
        <line num="302" count="0" type="stmt"/>
        <line num="303" count="0" type="stmt"/>
        <line num="306" count="34" type="stmt"/>
        <line num="308" count="34" type="stmt"/>
        <line num="313" count="34" type="stmt"/>
        <line num="314" count="34" type="stmt"/>
        <line num="324" count="34" type="stmt"/>
        <line num="325" count="34" type="stmt"/>
        <line num="327" count="0" type="stmt"/>
        <line num="328" count="0" type="stmt"/>
        <line num="335" count="1" type="stmt"/>
        <line num="336" count="1" type="stmt"/>
        <line num="342" count="1" type="stmt"/>
        <line num="343" count="0" type="stmt"/>
        <line num="349" count="1" type="cond" truecount="1" falsecount="1"/>
        <line num="350" count="0" type="stmt"/>
        <line num="351" count="0" type="stmt"/>
        <line num="352" count="0" type="cond" truecount="0" falsecount="2"/>
        <line num="353" count="0" type="stmt"/>
        <line num="358" count="1" type="stmt"/>
      </file>
    </package>
    <package name="carbontrack-server.public.js">
      <metrics statements="38" coveredstatements="37" conditionals="50" coveredconditionals="39" methods="4" coveredmethods="4"/>
      <file name="emissions.js" path="/Users/gouravsingh/Downloads/carbontrack-server/public/js/emissions.js">
        <metrics statements="38" coveredstatements="37" conditionals="50" coveredconditionals="39" methods="4" coveredmethods="4"/>
        <line num="5" count="2" type="stmt"/>
        <line num="29" count="37" type="cond" truecount="2" falsecount="0"/>
        <line num="30" count="37" type="cond" truecount="2" falsecount="0"/>
        <line num="31" count="37" type="cond" truecount="2" falsecount="0"/>
        <line num="32" count="37" type="cond" truecount="2" falsecount="0"/>
        <line num="33" count="37" type="cond" truecount="2" falsecount="0"/>
        <line num="34" count="37" type="cond" truecount="2" falsecount="0"/>
        <line num="35" count="37" type="cond" truecount="2" falsecount="0"/>
        <line num="36" count="37" type="cond" truecount="2" falsecount="0"/>
        <line num="37" count="37" type="cond" truecount="2" falsecount="0"/>
        <line num="38" count="37" type="cond" truecount="2" falsecount="0"/>
        <line num="41" count="37" type="stmt"/>
        <line num="46" count="37" type="stmt"/>
        <line num="49" count="37" type="stmt"/>
        <line num="53" count="37" type="stmt"/>
        <line num="56" count="37" type="stmt"/>
        <line num="58" count="37" type="stmt"/>
        <line num="73" count="4" type="cond" truecount="1" falsecount="1"/>
        <line num="74" count="4" type="cond" truecount="1" falsecount="1"/>
        <line num="76" count="4" type="stmt"/>
        <line num="77" count="4" type="cond" truecount="2" falsecount="0"/>
        <line num="78" count="1" type="cond" truecount="1" falsecount="1"/>
        <line num="79" count="1" type="cond" truecount="1" falsecount="1"/>
        <line num="80" count="1" type="cond" truecount="1" falsecount="1"/>
        <line num="81" count="1" type="cond" truecount="1" falsecount="1"/>
        <line num="83" count="4" type="stmt"/>
        <line num="86" count="4" type="cond" truecount="1" falsecount="1"/>
        <line num="87" count="4" type="cond" truecount="1" falsecount="1"/>
        <line num="91" count="4" type="cond" truecount="1" falsecount="1"/>
        <line num="92" count="4" type="cond" truecount="1" falsecount="1"/>
        <line num="96" count="4" type="cond" truecount="2" falsecount="0"/>
        <line num="98" count="4" type="stmt"/>
        <line num="101" count="4" type="cond" truecount="2" falsecount="0"/>
        <line num="102" count="1" type="stmt"/>
        <line num="105" count="4" type="stmt"/>
        <line num="110" count="2" type="cond" truecount="3" falsecount="1"/>
        <line num="111" count="2" type="stmt"/>
        <line num="113" count="0" type="stmt"/>
      </file>
    </package>
  </project>
</coverage>
