<?xml version="1.0" encoding="UTF-8"?>
<coverage generated="1781790968577" clover="3.2.0">
  <project timestamp="1781790968577" name="All files">
    <metrics statements="150" coveredstatements="136" conditionals="132" coveredconditionals="109" methods="16" coveredmethods="13" elements="298" coveredelements="258" complexity="0" loc="150" ncloc="150" packages="2" files="2" classes="2"/>
    <package name="carbontrack-server">
      <metrics statements="112" coveredstatements="99" conditionals="82" coveredconditionals="70" methods="12" coveredmethods="9"/>
      <file name="server.js" path="/Users/gouravsingh/Downloads/carbontrack-server/server.js">
        <metrics statements="112" coveredstatements="99" conditionals="82" coveredconditionals="70" methods="12" coveredmethods="9"/>
        <line num="1" count="1" type="stmt"/>
        <line num="2" count="1" type="stmt"/>
        <line num="3" count="1" type="stmt"/>
        <line num="4" count="1" type="stmt"/>
        <line num="5" count="1" type="stmt"/>
        <line num="6" count="1" type="stmt"/>
        <line num="7" count="1" type="stmt"/>
        <line num="8" count="1" type="stmt"/>
        <line num="9" count="1" type="stmt"/>
        <line num="10" count="1" type="stmt"/>
        <line num="11" count="1" type="stmt"/>
        <line num="13" count="1" type="stmt"/>
        <line num="14" count="1" type="stmt"/>
        <line num="16" count="1" type="cond" truecount="2" falsecount="0"/>
        <line num="17" count="1" type="cond" truecount="2" falsecount="0"/>
        <line num="25" count="1" type="stmt"/>
        <line num="26" count="1" type="cond" truecount="1" falsecount="1"/>
        <line num="31" count="1" type="stmt"/>
        <line num="36" count="1" type="stmt"/>
        <line num="59" count="1" type="cond" truecount="1" falsecount="1"/>
        <line num="60" count="0" type="stmt"/>
        <line num="63" count="1" type="stmt"/>
        <line num="65" count="52" type="cond" truecount="4" falsecount="0"/>
        <line num="66" count="51" type="stmt"/>
        <line num="68" count="1" type="stmt"/>
        <line num="78" count="1" type="stmt"/>
        <line num="83" count="1" type="stmt"/>
        <line num="86" count="1" type="cond" truecount="1" falsecount="1"/>
        <line num="87" count="1" type="stmt"/>
        <line num="96" count="40" type="stmt"/>
        <line num="97" count="40" type="cond" truecount="2" falsecount="0"/>
        <line num="99" count="40" type="cond" truecount="2" falsecount="0"/>
        <line num="101" count="40" type="cond" truecount="2" falsecount="0"/>
        <line num="102" count="1" type="stmt"/>
        <line num="103" count="1" type="stmt"/>
        <line num="106" count="39" type="stmt"/>
        <line num="107" count="39" type="cond" truecount="2" falsecount="0"/>
        <line num="108" count="1" type="stmt"/>
        <line num="109" count="1" type="stmt"/>
        <line num="111" count="38" type="stmt"/>
        <line num="112" count="38" type="stmt"/>
        <line num="113" count="38" type="stmt"/>
        <line num="120" count="1" type="stmt"/>
        <line num="123" count="8" type="cond" truecount="2" falsecount="0"/>
        <line num="129" count="1" type="stmt"/>
        <line num="132" count="38" type="cond" truecount="2" falsecount="0"/>
        <line num="145" count="1" type="cond" truecount="2" falsecount="0"/>
        <line num="146" count="1" type="cond" truecount="2" falsecount="0"/>
        <line num="152" count="1" type="stmt"/>
        <line num="153" count="8" type="stmt"/>
        <line num="155" count="8" type="cond" truecount="4" falsecount="0"/>
        <line num="156" count="2" type="stmt"/>
        <line num="160" count="6" type="cond" truecount="4" falsecount="0"/>
        <line num="161" count="1" type="stmt"/>
        <line num="163" count="5" type="cond" truecount="3" falsecount="1"/>
        <line num="164" count="0" type="stmt"/>
        <line num="167" count="5" type="stmt"/>
        <line num="168" count="5" type="cond" truecount="2" falsecount="0"/>
        <line num="169" count="1" type="stmt"/>
        <line num="172" count="4" type="stmt"/>
        <line num="174" count="4" type="stmt"/>
        <line num="176" count="4" type="cond" truecount="4" falsecount="0"/>
        <line num="177" count="2" type="stmt"/>
        <line num="178" count="2" type="stmt"/>
        <line num="179" count="2" type="stmt"/>
        <line num="182" count="2" type="stmt"/>
        <line num="188" count="1" type="stmt"/>
        <line num="189" count="1" type="stmt"/>
        <line num="190" count="1" type="stmt"/>
        <line num="192" count="1" type="stmt"/>
        <line num="193" count="37" type="stmt"/>
        <line num="194" count="37" type="cond" truecount="3" falsecount="1"/>
        <line num="196" count="37" type="cond" truecount="2" falsecount="0"/>
        <line num="197" count="1" type="stmt"/>
        <line num="198" count="1" type="stmt"/>
        <line num="201" count="36" type="cond" truecount="2" falsecount="0"/>
        <line num="202" count="1" type="stmt"/>
        <line num="203" count="1" type="stmt"/>
        <line num="206" count="35" type="stmt"/>
        <line num="207" count="4" type="cond" truecount="2" falsecount="0"/>
        <line num="212" count="1" type="stmt"/>
        <line num="213" count="1" type="stmt"/>
        <line num="215" count="3" type="cond" truecount="2" falsecount="0"/>
        <line num="216" count="1" type="stmt"/>
        <line num="217" count="1" type="stmt"/>
        <line num="221" count="33" type="cond" truecount="2" falsecount="0"/>
        <line num="222" count="2" type="cond" truecount="1" falsecount="1"/>
        <line num="223" count="0" type="stmt"/>
        <line num="224" count="0" type="stmt"/>
        <line num="226" count="2" type="cond" truecount="2" falsecount="0"/>
        <line num="227" count="1" type="stmt"/>
        <line num="228" count="1" type="stmt"/>
        <line num="232" count="32" type="cond" truecount="1" falsecount="1"/>
        <line num="233" count="0" type="stmt"/>
        <line num="234" count="0" type="stmt"/>
        <line num="237" count="32" type="stmt"/>
        <line num="238" count="32" type="stmt"/>
        <line num="239" count="32" type="stmt"/>
        <line num="249" count="32" type="stmt"/>
        <line num="250" count="32" type="stmt"/>
        <line num="252" count="0" type="stmt"/>
        <line num="253" count="0" type="stmt"/>
        <line num="260" count="1" type="stmt"/>
        <line num="261" count="1" type="stmt"/>
        <line num="267" count="1" type="stmt"/>
        <line num="268" count="0" type="stmt"/>
        <line num="274" count="1" type="cond" truecount="1" falsecount="1"/>
        <line num="275" count="0" type="stmt"/>
        <line num="276" count="0" type="stmt"/>
        <line num="277" count="0" type="cond" truecount="0" falsecount="2"/>
        <line num="278" count="0" type="stmt"/>
        <line num="283" count="1" type="stmt"/>
      </file>
    </package>
    <package name="carbontrack-server.public.js">
      <metrics statements="38" coveredstatements="37" conditionals="50" coveredconditionals="39" methods="4" coveredmethods="4"/>
      <file name="emissions.js" path="/Users/gouravsingh/Downloads/carbontrack-server/public/js/emissions.js">
        <metrics statements="38" coveredstatements="37" conditionals="50" coveredconditionals="39" methods="4" coveredmethods="4"/>
        <line num="5" count="2" type="stmt"/>
        <line num="29" count="37" type="cond" truecount="2" falsecount="0"/>
        <line num="30" count="37" type="cond" truecount="2" falsecount="0"/>
        <line num="31" count="37" type="cond" truecount="2" falsecount="0"/>
        <line num="32" count="37" type="cond" truecount="2" falsecount="0"/>
        <line num="33" count="37" type="cond" truecount="2" falsecount="0"/>
        <line num="34" count="37" type="cond" truecount="2" falsecount="0"/>
        <line num="35" count="37" type="cond" truecount="2" falsecount="0"/>
        <line num="36" count="37" type="cond" truecount="2" falsecount="0"/>
        <line num="37" count="37" type="cond" truecount="2" falsecount="0"/>
        <line num="38" count="37" type="cond" truecount="2" falsecount="0"/>
        <line num="41" count="37" type="stmt"/>
        <line num="46" count="37" type="stmt"/>
        <line num="49" count="37" type="stmt"/>
        <line num="53" count="37" type="stmt"/>
        <line num="56" count="37" type="stmt"/>
        <line num="58" count="37" type="stmt"/>
        <line num="73" count="4" type="cond" truecount="1" falsecount="1"/>
        <line num="74" count="4" type="cond" truecount="1" falsecount="1"/>
        <line num="76" count="4" type="stmt"/>
        <line num="77" count="4" type="cond" truecount="2" falsecount="0"/>
        <line num="78" count="1" type="cond" truecount="1" falsecount="1"/>
        <line num="79" count="1" type="cond" truecount="1" falsecount="1"/>
        <line num="80" count="1" type="cond" truecount="1" falsecount="1"/>
        <line num="81" count="1" type="cond" truecount="1" falsecount="1"/>
        <line num="83" count="4" type="stmt"/>
        <line num="86" count="4" type="cond" truecount="1" falsecount="1"/>
        <line num="87" count="4" type="cond" truecount="1" falsecount="1"/>
        <line num="91" count="4" type="cond" truecount="1" falsecount="1"/>
        <line num="92" count="4" type="cond" truecount="1" falsecount="1"/>
        <line num="96" count="4" type="cond" truecount="2" falsecount="0"/>
        <line num="98" count="4" type="stmt"/>
        <line num="101" count="4" type="cond" truecount="2" falsecount="0"/>
        <line num="102" count="1" type="stmt"/>
        <line num="105" count="4" type="stmt"/>
        <line num="110" count="2" type="cond" truecount="3" falsecount="1"/>
        <line num="111" count="2" type="stmt"/>
        <line num="113" count="0" type="stmt"/>
      </file>
    </package>
  </project>
</coverage>
