{"/Users/gouravsingh/Downloads/carbontrack-server/server.js": {"path":"/Users/gouravsingh/Downloads/carbontrack-server/server.js","statementMap":{"0":{"start":{"line":1,"column":0},"end":{"line":1,"column":27}},"1":{"start":{"line":2,"column":19},"end":{"line":2,"column":37}},"2":{"start":{"line":3,"column":19},"end":{"line":3,"column":34}},"3":{"start":{"line":4,"column":19},"end":{"line":4,"column":34}},"4":{"start":{"line":5,"column":19},"end":{"line":5,"column":36}},"5":{"start":{"line":6,"column":19},"end":{"line":6,"column":48}},"6":{"start":{"line":7,"column":19},"end":{"line":7,"column":42}},"7":{"start":{"line":8,"column":19},"end":{"line":8,"column":38}},"8":{"start":{"line":9,"column":19},"end":{"line":9,"column":36}},"9":{"start":{"line":10,"column":19},"end":{"line":10,"column":38}},"10":{"start":{"line":11,"column":20},"end":{"line":11,"column":42}},"11":{"start":{"line":13,"column":12},"end":{"line":13,"column":21}},"12":{"start":{"line":14,"column":0},"end":{"line":14,"column":28}},"13":{"start":{"line":16,"column":19},"end":{"line":16,"column":43}},"14":{"start":{"line":17,"column":19},"end":{"line":20,"column":45}},"15":{"start":{"line":25,"column":17},"end":{"line":25,"column":41}},"16":{"start":{"line":26,"column":19},"end":{"line":26,"column":67}},"17":{"start":{"line":31,"column":0},"end":{"line":31,"column":23}},"18":{"start":{"line":36,"column":0},"end":{"line":54,"column":4}},"19":{"start":{"line":59,"column":23},"end":{"line":61,"column":54}},"20":{"start":{"line":60,"column":52},"end":{"line":60,"column":60}},"21":{"start":{"line":63,"column":0},"end":{"line":73,"column":4}},"22":{"start":{"line":65,"column":4},"end":{"line":69,"column":5}},"23":{"start":{"line":66,"column":6},"end":{"line":66,"column":27}},"24":{"start":{"line":68,"column":6},"end":{"line":68,"column":49}},"25":{"start":{"line":78,"column":0},"end":{"line":78,"column":41}},"26":{"start":{"line":83,"column":0},"end":{"line":90,"column":4}},"27":{"start":{"line":86,"column":4},"end":{"line":88,"column":5}},"28":{"start":{"line":87,"column":6},"end":{"line":87,"column":75}},"29":{"start":{"line":96,"column":21},"end":{"line":96,"column":49}},"30":{"start":{"line":97,"column":21},"end":{"line":97,"column":59}},"31":{"start":{"line":99,"column":2},"end":{"line":99,"column":66}},"32":{"start":{"line":101,"column":2},"end":{"line":104,"column":3}},"33":{"start":{"line":102,"column":4},"end":{"line":102,"column":57}},"34":{"start":{"line":103,"column":4},"end":{"line":103,"column":76}},"35":{"start":{"line":106,"column":2},"end":{"line":114,"column":5}},"36":{"start":{"line":107,"column":4},"end":{"line":110,"column":5}},"37":{"start":{"line":108,"column":6},"end":{"line":108,"column":70}},"38":{"start":{"line":109,"column":6},"end":{"line":109,"column":74}},"39":{"start":{"line":111,"column":4},"end":{"line":111,"column":78}},"40":{"start":{"line":112,"column":4},"end":{"line":112,"column":20}},"41":{"start":{"line":113,"column":4},"end":{"line":113,"column":11}},"42":{"start":{"line":120,"column":21},"end":{"line":127,"column":2}},"43":{"start":{"line":123,"column":26},"end":{"line":123,"column":94}},"44":{"start":{"line":129,"column":20},"end":{"line":136,"column":2}},"45":{"start":{"line":132,"column":26},"end":{"line":132,"column":94}},"46":{"start":{"line":145,"column":28},"end":{"line":145,"column":94}},"47":{"start":{"line":146,"column":28},"end":{"line":147,"column":64}},"48":{"start":{"line":152,"column":0},"end":{"line":183,"column":3}},"49":{"start":{"line":153,"column":30},"end":{"line":153,"column":38}},"50":{"start":{"line":155,"column":2},"end":{"line":157,"column":3}},"51":{"start":{"line":156,"column":4},"end":{"line":156,"column":79}},"52":{"start":{"line":160,"column":2},"end":{"line":162,"column":3}},"53":{"start":{"line":161,"column":4},"end":{"line":161,"column":68}},"54":{"start":{"line":163,"column":2},"end":{"line":165,"column":3}},"55":{"start":{"line":164,"column":4},"end":{"line":164,"column":65}},"56":{"start":{"line":167,"column":21},"end":{"line":167,"column":49}},"57":{"start":{"line":168,"column":2},"end":{"line":170,"column":3}},"58":{"start":{"line":169,"column":4},"end":{"line":169,"column":68}},"59":{"start":{"line":172,"column":26},"end":{"line":172,"column":62}},"60":{"start":{"line":174,"column":26},"end":{"line":174,"column":77}},"61":{"start":{"line":176,"column":2},"end":{"line":180,"column":3}},"62":{"start":{"line":177,"column":18},"end":{"line":177,"column":57}},"63":{"start":{"line":178,"column":18},"end":{"line":178,"column":65}},"64":{"start":{"line":179,"column":4},"end":{"line":179,"column":37}},"65":{"start":{"line":182,"column":2},"end":{"line":182,"column":71}},"66":{"start":{"line":188,"column":25},"end":{"line":188,"column":27}},"67":{"start":{"line":189,"column":25},"end":{"line":189,"column":29}},"68":{"start":{"line":190,"column":25},"end":{"line":190,"column":29}},"69":{"start":{"line":192,"column":0},"end":{"line":255,"column":3}},"70":{"start":{"line":193,"column":31},"end":{"line":193,"column":39}},"71":{"start":{"line":194,"column":2},"end":{"line":194,"column":138}},"72":{"start":{"line":196,"column":2},"end":{"line":199,"column":3}},"73":{"start":{"line":197,"column":4},"end":{"line":197,"column":52}},"74":{"start":{"line":198,"column":4},"end":{"line":198,"column":90}},"75":{"start":{"line":201,"column":2},"end":{"line":204,"column":3}},"76":{"start":{"line":202,"column":4},"end":{"line":202,"column":89}},"77":{"start":{"line":203,"column":4},"end":{"line":203,"column":93}},"78":{"start":{"line":206,"column":2},"end":{"line":219,"column":3}},"79":{"start":{"line":207,"column":4},"end":{"line":214,"column":5}},"80":{"start":{"line":212,"column":6},"end":{"line":212,"column":89}},"81":{"start":{"line":213,"column":6},"end":{"line":213,"column":121}},"82":{"start":{"line":215,"column":4},"end":{"line":218,"column":5}},"83":{"start":{"line":216,"column":6},"end":{"line":216,"column":105}},"84":{"start":{"line":217,"column":6},"end":{"line":217,"column":116}},"85":{"start":{"line":221,"column":2},"end":{"line":230,"column":3}},"86":{"start":{"line":222,"column":4},"end":{"line":225,"column":5}},"87":{"start":{"line":223,"column":6},"end":{"line":223,"column":59}},"88":{"start":{"line":224,"column":6},"end":{"line":224,"column":90}},"89":{"start":{"line":226,"column":4},"end":{"line":229,"column":5}},"90":{"start":{"line":227,"column":6},"end":{"line":227,"column":97}},"91":{"start":{"line":228,"column":6},"end":{"line":228,"column":113}},"92":{"start":{"line":232,"column":2},"end":{"line":235,"column":3}},"93":{"start":{"line":233,"column":4},"end":{"line":233,"column":58}},"94":{"start":{"line":234,"column":4},"end":{"line":234,"column":80}},"95":{"start":{"line":237,"column":2},"end":{"line":254,"column":3}},"96":{"start":{"line":238,"column":4},"end":{"line":238,"column":46}},"97":{"start":{"line":239,"column":27},"end":{"line":247,"column":6}},"98":{"start":{"line":249,"column":4},"end":{"line":249,"column":66}},"99":{"start":{"line":250,"column":4},"end":{"line":250,"column":29}},"100":{"start":{"line":252,"column":4},"end":{"line":252,"column":42}},"101":{"start":{"line":253,"column":4},"end":{"line":253,"column":65}},"102":{"start":{"line":260,"column":0},"end":{"line":262,"column":3}},"103":{"start":{"line":261,"column":2},"end":{"line":261,"column":78}},"104":{"start":{"line":267,"column":0},"end":{"line":269,"column":3}},"105":{"start":{"line":268,"column":2},"end":{"line":268,"column":61}},"106":{"start":{"line":274,"column":0},"end":{"line":281,"column":1}},"107":{"start":{"line":275,"column":2},"end":{"line":280,"column":5}},"108":{"start":{"line":276,"column":4},"end":{"line":276,"column":64}},"109":{"start":{"line":277,"column":4},"end":{"line":279,"column":5}},"110":{"start":{"line":278,"column":6},"end":{"line":278,"column":75}},"111":{"start":{"line":283,"column":0},"end":{"line":283,"column":21}}},"fnMap":{"0":{"name":"(anonymous_0)","decl":{"start":{"line":60,"column":47},"end":{"line":60,"column":48}},"loc":{"start":{"line":60,"column":52},"end":{"line":60,"column":60}},"line":60},"1":{"name":"(anonymous_1)","decl":{"start":{"line":64,"column":10},"end":{"line":64,"column":11}},"loc":{"start":{"line":64,"column":32},"end":{"line":70,"column":3}},"line":64},"2":{"name":"(anonymous_2)","decl":{"start":{"line":85,"column":14},"end":{"line":85,"column":15}},"loc":{"start":{"line":85,"column":33},"end":{"line":89,"column":3}},"line":85},"3":{"name":"authenticateToken","decl":{"start":{"line":95,"column":9},"end":{"line":95,"column":26}},"loc":{"start":{"line":95,"column":43},"end":{"line":115,"column":1}},"line":95},"4":{"name":"(anonymous_4)","decl":{"start":{"line":106,"column":32},"end":{"line":106,"column":33}},"loc":{"start":{"line":106,"column":47},"end":{"line":114,"column":3}},"line":106},"5":{"name":"(anonymous_5)","decl":{"start":{"line":123,"column":17},"end":{"line":123,"column":18}},"loc":{"start":{"line":123,"column":26},"end":{"line":123,"column":94}},"line":123},"6":{"name":"(anonymous_6)","decl":{"start":{"line":132,"column":17},"end":{"line":132,"column":18}},"loc":{"start":{"line":132,"column":26},"end":{"line":132,"column":94}},"line":132},"7":{"name":"(anonymous_7)","decl":{"start":{"line":152,"column":37},"end":{"line":152,"column":38}},"loc":{"start":{"line":152,"column":57},"end":{"line":183,"column":1}},"line":152},"8":{"name":"(anonymous_8)","decl":{"start":{"line":192,"column":54},"end":{"line":192,"column":55}},"loc":{"start":{"line":192,"column":74},"end":{"line":255,"column":1}},"line":192},"9":{"name":"(anonymous_9)","decl":{"start":{"line":260,"column":24},"end":{"line":260,"column":25}},"loc":{"start":{"line":260,"column":38},"end":{"line":262,"column":1}},"line":260},"10":{"name":"(anonymous_10)","decl":{"start":{"line":267,"column":13},"end":{"line":267,"column":14}},"loc":{"start":{"line":267,"column":27},"end":{"line":269,"column":1}},"line":267},"11":{"name":"(anonymous_11)","decl":{"start":{"line":275,"column":19},"end":{"line":275,"column":20}},"loc":{"start":{"line":275,"column":25},"end":{"line":280,"column":3}},"line":275}},"branchMap":{"0":{"loc":{"start":{"line":16,"column":19},"end":{"line":16,"column":43}},"type":"binary-expr","locations":[{"start":{"line":16,"column":19},"end":{"line":16,"column":35}},{"start":{"line":16,"column":39},"end":{"line":16,"column":43}}],"line":16},"1":{"loc":{"start":{"line":17,"column":19},"end":{"line":20,"column":45}},"type":"binary-expr","locations":[{"start":{"line":17,"column":19},"end":{"line":17,"column":41}},{"start":{"line":18,"column":3},"end":{"line":20,"column":44}}],"line":17},"2":{"loc":{"start":{"line":18,"column":3},"end":{"line":20,"column":44}},"type":"cond-expr","locations":[{"start":{"line":19,"column":6},"end":{"line":19,"column":35}},{"start":{"line":20,"column":6},"end":{"line":20,"column":44}}],"line":18},"3":{"loc":{"start":{"line":26,"column":19},"end":{"line":26,"column":67}},"type":"cond-expr","locations":[{"start":{"line":26,"column":30},"end":{"line":26,"column":60}},{"start":{"line":26,"column":63},"end":{"line":26,"column":67}}],"line":26},"4":{"loc":{"start":{"line":59,"column":23},"end":{"line":61,"column":54}},"type":"cond-expr","locations":[{"start":{"line":60,"column":4},"end":{"line":60,"column":61}},{"start":{"line":61,"column":4},"end":{"line":61,"column":54}}],"line":59},"5":{"loc":{"start":{"line":65,"column":4},"end":{"line":69,"column":5}},"type":"if","locations":[{"start":{"line":65,"column":4},"end":{"line":69,"column":5}},{"start":{"line":67,"column":11},"end":{"line":69,"column":5}}],"line":65},"6":{"loc":{"start":{"line":65,"column":8},"end":{"line":65,"column":50}},"type":"binary-expr","locations":[{"start":{"line":65,"column":8},"end":{"line":65,"column":15}},{"start":{"line":65,"column":19},"end":{"line":65,"column":50}}],"line":65},"7":{"loc":{"start":{"line":86,"column":4},"end":{"line":88,"column":5}},"type":"if","locations":[{"start":{"line":86,"column":4},"end":{"line":88,"column":5}},{"start":{},"end":{}}],"line":86},"8":{"loc":{"start":{"line":97,"column":21},"end":{"line":97,"column":59}},"type":"binary-expr","locations":[{"start":{"line":97,"column":21},"end":{"line":97,"column":31}},{"start":{"line":97,"column":35},"end":{"line":97,"column":59}}],"line":97},"9":{"loc":{"start":{"line":99,"column":38},"end":{"line":99,"column":62}},"type":"cond-expr","locations":[{"start":{"line":99,"column":46},"end":{"line":99,"column":58}},{"start":{"line":99,"column":61},"end":{"line":99,"column":62}}],"line":99},"10":{"loc":{"start":{"line":101,"column":2},"end":{"line":104,"column":3}},"type":"if","locations":[{"start":{"line":101,"column":2},"end":{"line":104,"column":3}},{"start":{},"end":{}}],"line":101},"11":{"loc":{"start":{"line":107,"column":4},"end":{"line":110,"column":5}},"type":"if","locations":[{"start":{"line":107,"column":4},"end":{"line":110,"column":5}},{"start":{},"end":{}}],"line":107},"12":{"loc":{"start":{"line":122,"column":17},"end":{"line":122,"column":66}},"type":"cond-expr","locations":[{"start":{"line":122,"column":59},"end":{"line":122,"column":60}},{"start":{"line":122,"column":63},"end":{"line":122,"column":66}}],"line":122},"13":{"loc":{"start":{"line":123,"column":26},"end":{"line":123,"column":94}},"type":"binary-expr","locations":[{"start":{"line":123,"column":26},"end":{"line":123,"column":57}},{"start":{"line":123,"column":61},"end":{"line":123,"column":94}}],"line":123},"14":{"loc":{"start":{"line":132,"column":26},"end":{"line":132,"column":94}},"type":"binary-expr","locations":[{"start":{"line":132,"column":26},"end":{"line":132,"column":57}},{"start":{"line":132,"column":61},"end":{"line":132,"column":94}}],"line":132},"15":{"loc":{"start":{"line":145,"column":29},"end":{"line":145,"column":79}},"type":"binary-expr","locations":[{"start":{"line":145,"column":29},"end":{"line":145,"column":52}},{"start":{"line":145,"column":56},"end":{"line":145,"column":79}}],"line":145},"16":{"loc":{"start":{"line":146,"column":28},"end":{"line":147,"column":64}},"type":"binary-expr","locations":[{"start":{"line":146,"column":28},"end":{"line":146,"column":59}},{"start":{"line":147,"column":2},"end":{"line":147,"column":64}}],"line":146},"17":{"loc":{"start":{"line":155,"column":2},"end":{"line":157,"column":3}},"type":"if","locations":[{"start":{"line":155,"column":2},"end":{"line":157,"column":3}},{"start":{},"end":{}}],"line":155},"18":{"loc":{"start":{"line":155,"column":6},"end":{"line":155,"column":25}},"type":"binary-expr","locations":[{"start":{"line":155,"column":6},"end":{"line":155,"column":12}},{"start":{"line":155,"column":16},"end":{"line":155,"column":25}}],"line":155},"19":{"loc":{"start":{"line":160,"column":2},"end":{"line":162,"column":3}},"type":"if","locations":[{"start":{"line":160,"column":2},"end":{"line":162,"column":3}},{"start":{},"end":{}}],"line":160},"20":{"loc":{"start":{"line":160,"column":6},"end":{"line":160,"column":53}},"type":"binary-expr","locations":[{"start":{"line":160,"column":6},"end":{"line":160,"column":31}},{"start":{"line":160,"column":35},"end":{"line":160,"column":53}}],"line":160},"21":{"loc":{"start":{"line":163,"column":2},"end":{"line":165,"column":3}},"type":"if","locations":[{"start":{"line":163,"column":2},"end":{"line":165,"column":3}},{"start":{},"end":{}}],"line":163},"22":{"loc":{"start":{"line":163,"column":6},"end":{"line":163,"column":59}},"type":"binary-expr","locations":[{"start":{"line":163,"column":6},"end":{"line":163,"column":34}},{"start":{"line":163,"column":38},"end":{"line":163,"column":59}}],"line":163},"23":{"loc":{"start":{"line":168,"column":2},"end":{"line":170,"column":3}},"type":"if","locations":[{"start":{"line":168,"column":2},"end":{"line":170,"column":3}},{"start":{},"end":{}}],"line":168},"24":{"loc":{"start":{"line":176,"column":2},"end":{"line":180,"column":3}},"type":"if","locations":[{"start":{"line":176,"column":2},"end":{"line":180,"column":3}},{"start":{},"end":{}}],"line":176},"25":{"loc":{"start":{"line":176,"column":6},"end":{"line":176,"column":37}},"type":"binary-expr","locations":[{"start":{"line":176,"column":6},"end":{"line":176,"column":18}},{"start":{"line":176,"column":22},"end":{"line":176,"column":37}}],"line":176},"26":{"loc":{"start":{"line":194,"column":51},"end":{"line":194,"column":81}},"type":"cond-expr","locations":[{"start":{"line":194,"column":62},"end":{"line":194,"column":77}},{"start":{"line":194,"column":80},"end":{"line":194,"column":81}}],"line":194},"27":{"loc":{"start":{"line":194,"column":108},"end":{"line":194,"column":134}},"type":"cond-expr","locations":[{"start":{"line":194,"column":117},"end":{"line":194,"column":130}},{"start":{"line":194,"column":133},"end":{"line":194,"column":134}}],"line":194},"28":{"loc":{"start":{"line":196,"column":2},"end":{"line":199,"column":3}},"type":"if","locations":[{"start":{"line":196,"column":2},"end":{"line":199,"column":3}},{"start":{},"end":{}}],"line":196},"29":{"loc":{"start":{"line":201,"column":2},"end":{"line":204,"column":3}},"type":"if","locations":[{"start":{"line":201,"column":2},"end":{"line":204,"column":3}},{"start":{},"end":{}}],"line":201},"30":{"loc":{"start":{"line":207,"column":4},"end":{"line":214,"column":5}},"type":"if","locations":[{"start":{"line":207,"column":4},"end":{"line":214,"column":5}},{"start":{},"end":{}}],"line":207},"31":{"loc":{"start":{"line":208,"column":6},"end":{"line":210,"column":57}},"type":"binary-expr","locations":[{"start":{"line":208,"column":6},"end":{"line":208,"column":29}},{"start":{"line":208,"column":33},"end":{"line":208,"column":45}},{"start":{"line":209,"column":6},"end":{"line":209,"column":37}},{"start":{"line":210,"column":6},"end":{"line":210,"column":57}}],"line":208},"32":{"loc":{"start":{"line":215,"column":4},"end":{"line":218,"column":5}},"type":"if","locations":[{"start":{"line":215,"column":4},"end":{"line":218,"column":5}},{"start":{},"end":{}}],"line":215},"33":{"loc":{"start":{"line":221,"column":2},"end":{"line":230,"column":3}},"type":"if","locations":[{"start":{"line":221,"column":2},"end":{"line":230,"column":3}},{"start":{},"end":{}}],"line":221},"34":{"loc":{"start":{"line":222,"column":4},"end":{"line":225,"column":5}},"type":"if","locations":[{"start":{"line":222,"column":4},"end":{"line":225,"column":5}},{"start":{},"end":{}}],"line":222},"35":{"loc":{"start":{"line":226,"column":4},"end":{"line":229,"column":5}},"type":"if","locations":[{"start":{"line":226,"column":4},"end":{"line":229,"column":5}},{"start":{},"end":{}}],"line":226},"36":{"loc":{"start":{"line":232,"column":2},"end":{"line":235,"column":3}},"type":"if","locations":[{"start":{"line":232,"column":2},"end":{"line":235,"column":3}},{"start":{},"end":{}}],"line":232},"37":{"loc":{"start":{"line":243,"column":12},"end":{"line":243,"column":63}},"type":"cond-expr","locations":[{"start":{"line":243,"column":21},"end":{"line":243,"column":58}},{"start":{"line":243,"column":61},"end":{"line":243,"column":63}}],"line":243},"38":{"loc":{"start":{"line":274,"column":0},"end":{"line":281,"column":1}},"type":"if","locations":[{"start":{"line":274,"column":0},"end":{"line":281,"column":1}},{"start":{},"end":{}}],"line":274},"39":{"loc":{"start":{"line":277,"column":4},"end":{"line":279,"column":5}},"type":"if","locations":[{"start":{"line":277,"column":4},"end":{"line":279,"column":5}},{"start":{},"end":{}}],"line":277}},"s":{"0":1,"1":1,"2":1,"3":1,"4":1,"5":1,"6":1,"7":1,"8":1,"9":1,"10":1,"11":1,"12":1,"13":1,"14":1,"15":1,"16":1,"17":1,"18":1,"19":1,"20":0,"21":1,"22":52,"23":51,"24":1,"25":1,"26":1,"27":1,"28":1,"29":40,"30":40,"31":40,"32":40,"33":1,"34":1,"35":39,"36":39,"37":1,"38":1,"39":38,"40":38,"41":38,"42":1,"43":8,"44":1,"45":38,"46":1,"47":1,"48":1,"49":8,"50":8,"51":2,"52":6,"53":1,"54":5,"55":0,"56":5,"57":5,"58":1,"59":4,"60":4,"61":4,"62":2,"63":2,"64":2,"65":2,"66":1,"67":1,"68":1,"69":1,"70":37,"71":37,"72":37,"73":1,"74":1,"75":36,"76":1,"77":1,"78":35,"79":4,"80":1,"81":1,"82":3,"83":1,"84":1,"85":33,"86":2,"87":0,"88":0,"89":2,"90":1,"91":1,"92":32,"93":0,"94":0,"95":32,"96":32,"97":32,"98":32,"99":32,"100":0,"101":0,"102":1,"103":1,"104":1,"105":0,"106":1,"107":0,"108":0,"109":0,"110":0,"111":1},"f":{"0":0,"1":52,"2":1,"3":40,"4":39,"5":8,"6":38,"7":8,"8":37,"9":1,"10":0,"11":0},"b":{"0":[1,1],"1":[1,1],"2":[1,0],"3":[1,0],"4":[0,1],"5":[51,1],"6":[52,38],"7":[1,0],"8":[40,39],"9":[39,1],"10":[1,39],"11":[1,38],"12":[0,1],"13":[8,8],"14":[38,38],"15":[1,1],"16":[1,1],"17":[2,6],"18":[8,7],"19":[1,5],"20":[6,6],"21":[0,5],"22":[5,5],"23":[1,4],"24":[2,2],"25":[4,4],"26":[37,0],"27":[3,34],"28":[1,36],"29":[1,35],"30":[1,3],"31":[4,4,4,4],"32":[1,2],"33":[2,31],"34":[0,2],"35":[1,1],"36":[0,32],"37":[1,31],"38":[0,1],"39":[0,0]},"_coverageSchema":"1a1c01bbd47fc00a2c39e90264f33305004495a9","hash":"b717376ca0963a8bde6b6a56fd33a86728733c32"}
,"/Users/gouravsingh/Downloads/carbontrack-server/public/js/emissions.js": {"path":"/Users/gouravsingh/Downloads/carbontrack-server/public/js/emissions.js","statementMap":{"0":{"start":{"line":5,"column":18},"end":{"line":107,"column":1}},"1":{"start":{"line":29,"column":16},"end":{"line":29,"column":43}},"2":{"start":{"line":30,"column":17},"end":{"line":30,"column":45}},"3":{"start":{"line":31,"column":16},"end":{"line":31,"column":43}},"4":{"start":{"line":32,"column":18},"end":{"line":32,"column":47}},"5":{"start":{"line":33,"column":17},"end":{"line":33,"column":45}},"6":{"start":{"line":34,"column":16},"end":{"line":34,"column":43}},"7":{"start":{"line":35,"column":17},"end":{"line":35,"column":45}},"8":{"start":{"line":36,"column":18},"end":{"line":36,"column":47}},"9":{"start":{"line":37,"column":18},"end":{"line":37,"column":47}},"10":{"start":{"line":38,"column":19},"end":{"line":38,"column":49}},"11":{"start":{"line":41,"column":31},"end":{"line":43,"column":82}},"12":{"start":{"line":46,"column":19},"end":{"line":46,"column":84}},"13":{"start":{"line":49,"column":17},"end":{"line":50,"column":60}},"14":{"start":{"line":53,"column":21},"end":{"line":54,"column":65}},"15":{"start":{"line":56,"column":18},"end":{"line":56,"column":63}},"16":{"start":{"line":58,"column":4},"end":{"line":64,"column":6}},"17":{"start":{"line":73,"column":17},"end":{"line":73,"column":49}},"18":{"start":{"line":74,"column":17},"end":{"line":74,"column":53}},"19":{"start":{"line":76,"column":22},"end":{"line":76,"column":23}},"20":{"start":{"line":77,"column":4},"end":{"line":81,"column":64}},"21":{"start":{"line":77,"column":29},"end":{"line":77,"column":60}},"22":{"start":{"line":78,"column":9},"end":{"line":81,"column":64}},"23":{"start":{"line":78,"column":35},"end":{"line":78,"column":67}},"24":{"start":{"line":79,"column":9},"end":{"line":81,"column":64}},"25":{"start":{"line":79,"column":29},"end":{"line":79,"column":60}},"26":{"start":{"line":80,"column":9},"end":{"line":81,"column":64}},"27":{"start":{"line":80,"column":31},"end":{"line":80,"column":64}},"28":{"start":{"line":81,"column":9},"end":{"line":81,"column":64}},"29":{"start":{"line":81,"column":31},"end":{"line":81,"column":64}},"30":{"start":{"line":83,"column":16},"end":{"line":83,"column":34}},"31":{"start":{"line":86,"column":4},"end":{"line":88,"column":5}},"32":{"start":{"line":87,"column":6},"end":{"line":87,"column":72}},"33":{"start":{"line":87,"column":42},"end":{"line":87,"column":70}},"34":{"start":{"line":91,"column":4},"end":{"line":93,"column":5}},"35":{"start":{"line":92,"column":6},"end":{"line":92,"column":73}},"36":{"start":{"line":92,"column":43},"end":{"line":92,"column":71}},"37":{"start":{"line":96,"column":17},"end":{"line":96,"column":45}},"38":{"start":{"line":98,"column":4},"end":{"line":98,"column":38}},"39":{"start":{"line":101,"column":4},"end":{"line":103,"column":5}},"40":{"start":{"line":102,"column":6},"end":{"line":102,"column":19}},"41":{"start":{"line":105,"column":4},"end":{"line":105,"column":40}},"42":{"start":{"line":110,"column":0},"end":{"line":114,"column":1}},"43":{"start":{"line":111,"column":2},"end":{"line":111,"column":29}},"44":{"start":{"line":113,"column":2},"end":{"line":113,"column":31}}},"fnMap":{"0":{"name":"(anonymous_0)","decl":{"start":{"line":28,"column":14},"end":{"line":28,"column":15}},"loc":{"start":{"line":28,"column":31},"end":{"line":65,"column":3}},"line":28},"1":{"name":"(anonymous_1)","decl":{"start":{"line":72,"column":13},"end":{"line":72,"column":14}},"loc":{"start":{"line":72,"column":30},"end":{"line":106,"column":3}},"line":72},"2":{"name":"(anonymous_2)","decl":{"start":{"line":87,"column":36},"end":{"line":87,"column":37}},"loc":{"start":{"line":87,"column":42},"end":{"line":87,"column":70}},"line":87},"3":{"name":"(anonymous_3)","decl":{"start":{"line":92,"column":37},"end":{"line":92,"column":38}},"loc":{"start":{"line":92,"column":43},"end":{"line":92,"column":71}},"line":92}},"branchMap":{"0":{"loc":{"start":{"line":29,"column":16},"end":{"line":29,"column":43}},"type":"binary-expr","locations":[{"start":{"line":29,"column":16},"end":{"line":29,"column":38}},{"start":{"line":29,"column":42},"end":{"line":29,"column":43}}],"line":29},"1":{"loc":{"start":{"line":30,"column":17},"end":{"line":30,"column":45}},"type":"binary-expr","locations":[{"start":{"line":30,"column":17},"end":{"line":30,"column":40}},{"start":{"line":30,"column":44},"end":{"line":30,"column":45}}],"line":30},"2":{"loc":{"start":{"line":31,"column":16},"end":{"line":31,"column":43}},"type":"binary-expr","locations":[{"start":{"line":31,"column":16},"end":{"line":31,"column":38}},{"start":{"line":31,"column":42},"end":{"line":31,"column":43}}],"line":31},"3":{"loc":{"start":{"line":32,"column":18},"end":{"line":32,"column":47}},"type":"binary-expr","locations":[{"start":{"line":32,"column":18},"end":{"line":32,"column":42}},{"start":{"line":32,"column":46},"end":{"line":32,"column":47}}],"line":32},"4":{"loc":{"start":{"line":33,"column":17},"end":{"line":33,"column":45}},"type":"binary-expr","locations":[{"start":{"line":33,"column":17},"end":{"line":33,"column":40}},{"start":{"line":33,"column":44},"end":{"line":33,"column":45}}],"line":33},"5":{"loc":{"start":{"line":34,"column":16},"end":{"line":34,"column":43}},"type":"binary-expr","locations":[{"start":{"line":34,"column":16},"end":{"line":34,"column":38}},{"start":{"line":34,"column":42},"end":{"line":34,"column":43}}],"line":34},"6":{"loc":{"start":{"line":35,"column":17},"end":{"line":35,"column":45}},"type":"binary-expr","locations":[{"start":{"line":35,"column":17},"end":{"line":35,"column":40}},{"start":{"line":35,"column":44},"end":{"line":35,"column":45}}],"line":35},"7":{"loc":{"start":{"line":36,"column":18},"end":{"line":36,"column":47}},"type":"binary-expr","locations":[{"start":{"line":36,"column":18},"end":{"line":36,"column":42}},{"start":{"line":36,"column":46},"end":{"line":36,"column":47}}],"line":36},"8":{"loc":{"start":{"line":37,"column":18},"end":{"line":37,"column":47}},"type":"binary-expr","locations":[{"start":{"line":37,"column":18},"end":{"line":37,"column":42}},{"start":{"line":37,"column":46},"end":{"line":37,"column":47}}],"line":37},"9":{"loc":{"start":{"line":38,"column":19},"end":{"line":38,"column":49}},"type":"binary-expr","locations":[{"start":{"line":38,"column":19},"end":{"line":38,"column":44}},{"start":{"line":38,"column":48},"end":{"line":38,"column":49}}],"line":38},"10":{"loc":{"start":{"line":73,"column":17},"end":{"line":73,"column":49}},"type":"binary-expr","locations":[{"start":{"line":73,"column":17},"end":{"line":73,"column":44}},{"start":{"line":73,"column":48},"end":{"line":73,"column":49}}],"line":73},"11":{"loc":{"start":{"line":74,"column":17},"end":{"line":74,"column":53}},"type":"binary-expr","locations":[{"start":{"line":74,"column":17},"end":{"line":74,"column":37}},{"start":{"line":74,"column":41},"end":{"line":74,"column":53}}],"line":74},"12":{"loc":{"start":{"line":77,"column":4},"end":{"line":81,"column":64}},"type":"if","locations":[{"start":{"line":77,"column":4},"end":{"line":81,"column":64}},{"start":{"line":78,"column":9},"end":{"line":81,"column":64}}],"line":77},"13":{"loc":{"start":{"line":78,"column":9},"end":{"line":81,"column":64}},"type":"if","locations":[{"start":{"line":78,"column":9},"end":{"line":81,"column":64}},{"start":{"line":79,"column":9},"end":{"line":81,"column":64}}],"line":78},"14":{"loc":{"start":{"line":79,"column":9},"end":{"line":81,"column":64}},"type":"if","locations":[{"start":{"line":79,"column":9},"end":{"line":81,"column":64}},{"start":{"line":80,"column":9},"end":{"line":81,"column":64}}],"line":79},"15":{"loc":{"start":{"line":80,"column":9},"end":{"line":81,"column":64}},"type":"if","locations":[{"start":{"line":80,"column":9},"end":{"line":81,"column":64}},{"start":{"line":81,"column":9},"end":{"line":81,"column":64}}],"line":80},"16":{"loc":{"start":{"line":81,"column":9},"end":{"line":81,"column":64}},"type":"if","locations":[{"start":{"line":81,"column":9},"end":{"line":81,"column":64}},{"start":{},"end":{}}],"line":81},"17":{"loc":{"start":{"line":86,"column":4},"end":{"line":88,"column":5}},"type":"if","locations":[{"start":{"line":86,"column":4},"end":{"line":88,"column":5}},{"start":{},"end":{}}],"line":86},"18":{"loc":{"start":{"line":87,"column":51},"end":{"line":87,"column":70}},"type":"binary-expr","locations":[{"start":{"line":87,"column":51},"end":{"line":87,"column":65}},{"start":{"line":87,"column":69},"end":{"line":87,"column":70}}],"line":87},"19":{"loc":{"start":{"line":91,"column":4},"end":{"line":93,"column":5}},"type":"if","locations":[{"start":{"line":91,"column":4},"end":{"line":93,"column":5}},{"start":{},"end":{}}],"line":91},"20":{"loc":{"start":{"line":92,"column":52},"end":{"line":92,"column":71}},"type":"binary-expr","locations":[{"start":{"line":92,"column":52},"end":{"line":92,"column":66}},{"start":{"line":92,"column":70},"end":{"line":92,"column":71}}],"line":92},"21":{"loc":{"start":{"line":96,"column":17},"end":{"line":96,"column":45}},"type":"binary-expr","locations":[{"start":{"line":96,"column":17},"end":{"line":96,"column":40}},{"start":{"line":96,"column":44},"end":{"line":96,"column":45}}],"line":96},"22":{"loc":{"start":{"line":101,"column":4},"end":{"line":103,"column":5}},"type":"if","locations":[{"start":{"line":101,"column":4},"end":{"line":103,"column":5}},{"start":{},"end":{}}],"line":101},"23":{"loc":{"start":{"line":110,"column":0},"end":{"line":114,"column":1}},"type":"if","locations":[{"start":{"line":110,"column":0},"end":{"line":114,"column":1}},{"start":{"line":112,"column":7},"end":{"line":114,"column":1}}],"line":110},"24":{"loc":{"start":{"line":110,"column":4},"end":{"line":110,"column":51}},"type":"binary-expr","locations":[{"start":{"line":110,"column":4},"end":{"line":110,"column":33}},{"start":{"line":110,"column":37},"end":{"line":110,"column":51}}],"line":110}},"s":{"0":2,"1":37,"2":37,"3":37,"4":37,"5":37,"6":37,"7":37,"8":37,"9":37,"10":37,"11":37,"12":37,"13":37,"14":37,"15":37,"16":37,"17":4,"18":4,"19":4,"20":4,"21":3,"22":1,"23":0,"24":1,"25":0,"26":1,"27":0,"28":1,"29":0,"30":4,"31":4,"32":4,"33":2,"34":4,"35":4,"36":1,"37":4,"38":4,"39":4,"40":1,"41":4,"42":2,"43":2,"44":0},"f":{"0":37,"1":4,"2":2,"3":1},"b":{"0":[37,1],"1":[37,1],"2":[37,1],"3":[37,1],"4":[37,1],"5":[37,1],"6":[37,1],"7":[37,1],"8":[37,1],"9":[37,1],"10":[4,0],"11":[4,0],"12":[3,1],"13":[0,1],"14":[0,1],"15":[0,1],"16":[0,1],"17":[4,0],"18":[2,0],"19":[4,0],"20":[1,0],"21":[4,1],"22":[1,3],"23":[2,0],"24":[2,2]},"_coverageSchema":"1a1c01bbd47fc00a2c39e90264f33305004495a9","hash":"89cb5cba5ff13a46fda7eda7441ffe3b9c41fe36"}
}
