{"/Users/gouravsingh/Downloads/carbontrack-server/server.js": {"path":"/Users/gouravsingh/Downloads/carbontrack-server/server.js","statementMap":{"0":{"start":{"line":1,"column":0},"end":{"line":1,"column":27}},"1":{"start":{"line":2,"column":19},"end":{"line":2,"column":37}},"2":{"start":{"line":3,"column":19},"end":{"line":3,"column":34}},"3":{"start":{"line":4,"column":19},"end":{"line":4,"column":34}},"4":{"start":{"line":5,"column":19},"end":{"line":5,"column":36}},"5":{"start":{"line":6,"column":19},"end":{"line":6,"column":48}},"6":{"start":{"line":7,"column":19},"end":{"line":7,"column":42}},"7":{"start":{"line":8,"column":19},"end":{"line":8,"column":38}},"8":{"start":{"line":9,"column":19},"end":{"line":9,"column":36}},"9":{"start":{"line":10,"column":19},"end":{"line":10,"column":38}},"10":{"start":{"line":11,"column":20},"end":{"line":11,"column":42}},"11":{"start":{"line":12,"column":21},"end":{"line":12,"column":45}},"12":{"start":{"line":14,"column":12},"end":{"line":14,"column":21}},"13":{"start":{"line":15,"column":0},"end":{"line":15,"column":28}},"14":{"start":{"line":17,"column":19},"end":{"line":17,"column":43}},"15":{"start":{"line":18,"column":19},"end":{"line":21,"column":45}},"16":{"start":{"line":26,"column":17},"end":{"line":26,"column":41}},"17":{"start":{"line":27,"column":19},"end":{"line":27,"column":67}},"18":{"start":{"line":32,"column":0},"end":{"line":32,"column":23}},"19":{"start":{"line":37,"column":0},"end":{"line":55,"column":4}},"20":{"start":{"line":60,"column":23},"end":{"line":62,"column":54}},"21":{"start":{"line":61,"column":52},"end":{"line":61,"column":60}},"22":{"start":{"line":64,"column":0},"end":{"line":75,"column":4}},"23":{"start":{"line":66,"column":4},"end":{"line":70,"column":5}},"24":{"start":{"line":67,"column":6},"end":{"line":67,"column":27}},"25":{"start":{"line":69,"column":6},"end":{"line":69,"column":49}},"26":{"start":{"line":80,"column":0},"end":{"line":80,"column":24}},"27":{"start":{"line":85,"column":0},"end":{"line":85,"column":41}},"28":{"start":{"line":90,"column":0},"end":{"line":97,"column":4}},"29":{"start":{"line":93,"column":4},"end":{"line":95,"column":5}},"30":{"start":{"line":94,"column":6},"end":{"line":94,"column":75}},"31":{"start":{"line":103,"column":22},"end":{"line":103,"column":64}},"32":{"start":{"line":104,"column":22},"end":{"line":104,"column":50}},"33":{"start":{"line":105,"column":22},"end":{"line":105,"column":60}},"34":{"start":{"line":106,"column":22},"end":{"line":106,"column":48}},"35":{"start":{"line":108,"column":2},"end":{"line":108,"column":137}},"36":{"start":{"line":110,"column":2},"end":{"line":113,"column":3}},"37":{"start":{"line":111,"column":4},"end":{"line":111,"column":57}},"38":{"start":{"line":112,"column":4},"end":{"line":112,"column":76}},"39":{"start":{"line":115,"column":2},"end":{"line":123,"column":5}},"40":{"start":{"line":116,"column":4},"end":{"line":119,"column":5}},"41":{"start":{"line":117,"column":6},"end":{"line":117,"column":70}},"42":{"start":{"line":118,"column":6},"end":{"line":118,"column":74}},"43":{"start":{"line":120,"column":4},"end":{"line":120,"column":78}},"44":{"start":{"line":121,"column":4},"end":{"line":121,"column":20}},"45":{"start":{"line":122,"column":4},"end":{"line":122,"column":11}},"46":{"start":{"line":130,"column":2},"end":{"line":132,"column":3}},"47":{"start":{"line":131,"column":4},"end":{"line":131,"column":18}},"48":{"start":{"line":134,"column":21},"end":{"line":134,"column":63}},"49":{"start":{"line":135,"column":21},"end":{"line":135,"column":48}},"50":{"start":{"line":137,"column":2},"end":{"line":137,"column":129}},"51":{"start":{"line":139,"column":2},"end":{"line":142,"column":3}},"52":{"start":{"line":140,"column":4},"end":{"line":140,"column":55}},"53":{"start":{"line":141,"column":4},"end":{"line":141,"column":92}},"54":{"start":{"line":143,"column":2},"end":{"line":143,"column":9}},"55":{"start":{"line":147,"column":2},"end":{"line":147,"column":42}},"56":{"start":{"line":147,"column":31},"end":{"line":147,"column":42}},"57":{"start":{"line":148,"column":2},"end":{"line":148,"column":57}},"58":{"start":{"line":154,"column":21},"end":{"line":161,"column":2}},"59":{"start":{"line":157,"column":26},"end":{"line":157,"column":94}},"60":{"start":{"line":163,"column":20},"end":{"line":170,"column":2}},"61":{"start":{"line":166,"column":26},"end":{"line":166,"column":94}},"62":{"start":{"line":179,"column":28},"end":{"line":179,"column":94}},"63":{"start":{"line":180,"column":28},"end":{"line":181,"column":64}},"64":{"start":{"line":186,"column":0},"end":{"line":236,"column":3}},"65":{"start":{"line":187,"column":30},"end":{"line":187,"column":38}},"66":{"start":{"line":189,"column":2},"end":{"line":191,"column":3}},"67":{"start":{"line":190,"column":4},"end":{"line":190,"column":79}},"68":{"start":{"line":194,"column":2},"end":{"line":196,"column":3}},"69":{"start":{"line":195,"column":4},"end":{"line":195,"column":68}},"70":{"start":{"line":197,"column":2},"end":{"line":199,"column":3}},"71":{"start":{"line":198,"column":4},"end":{"line":198,"column":65}},"72":{"start":{"line":201,"column":21},"end":{"line":201,"column":49}},"73":{"start":{"line":202,"column":2},"end":{"line":204,"column":3}},"74":{"start":{"line":203,"column":4},"end":{"line":203,"column":68}},"75":{"start":{"line":206,"column":26},"end":{"line":206,"column":62}},"76":{"start":{"line":208,"column":26},"end":{"line":208,"column":77}},"77":{"start":{"line":210,"column":2},"end":{"line":233,"column":3}},"78":{"start":{"line":211,"column":18},"end":{"line":211,"column":57}},"79":{"start":{"line":212,"column":18},"end":{"line":212,"column":65}},"80":{"start":{"line":215,"column":22},"end":{"line":215,"column":60}},"81":{"start":{"line":218,"column":4},"end":{"line":223,"column":7}},"82":{"start":{"line":226,"column":4},"end":{"line":230,"column":7}},"83":{"start":{"line":232,"column":4},"end":{"line":232,"column":48}},"84":{"start":{"line":235,"column":2},"end":{"line":235,"column":71}},"85":{"start":{"line":241,"column":0},"end":{"line":252,"column":3}},"86":{"start":{"line":242,"column":2},"end":{"line":246,"column":5}},"87":{"start":{"line":247,"column":2},"end":{"line":250,"column":5}},"88":{"start":{"line":251,"column":2},"end":{"line":251,"column":67}},"89":{"start":{"line":257,"column":25},"end":{"line":257,"column":27}},"90":{"start":{"line":258,"column":25},"end":{"line":258,"column":29}},"91":{"start":{"line":259,"column":25},"end":{"line":259,"column":29}},"92":{"start":{"line":261,"column":0},"end":{"line":330,"column":3}},"93":{"start":{"line":262,"column":31},"end":{"line":262,"column":39}},"94":{"start":{"line":263,"column":2},"end":{"line":263,"column":138}},"95":{"start":{"line":265,"column":2},"end":{"line":268,"column":3}},"96":{"start":{"line":266,"column":4},"end":{"line":266,"column":52}},"97":{"start":{"line":267,"column":4},"end":{"line":267,"column":90}},"98":{"start":{"line":270,"column":2},"end":{"line":273,"column":3}},"99":{"start":{"line":271,"column":4},"end":{"line":271,"column":89}},"100":{"start":{"line":272,"column":4},"end":{"line":272,"column":93}},"101":{"start":{"line":275,"column":2},"end":{"line":288,"column":3}},"102":{"start":{"line":276,"column":4},"end":{"line":283,"column":5}},"103":{"start":{"line":281,"column":6},"end":{"line":281,"column":89}},"104":{"start":{"line":282,"column":6},"end":{"line":282,"column":121}},"105":{"start":{"line":284,"column":4},"end":{"line":287,"column":5}},"106":{"start":{"line":285,"column":6},"end":{"line":285,"column":105}},"107":{"start":{"line":286,"column":6},"end":{"line":286,"column":116}},"108":{"start":{"line":290,"column":2},"end":{"line":299,"column":3}},"109":{"start":{"line":291,"column":4},"end":{"line":294,"column":5}},"110":{"start":{"line":292,"column":6},"end":{"line":292,"column":59}},"111":{"start":{"line":293,"column":6},"end":{"line":293,"column":90}},"112":{"start":{"line":295,"column":4},"end":{"line":298,"column":5}},"113":{"start":{"line":296,"column":6},"end":{"line":296,"column":97}},"114":{"start":{"line":297,"column":6},"end":{"line":297,"column":113}},"115":{"start":{"line":301,"column":2},"end":{"line":304,"column":3}},"116":{"start":{"line":302,"column":4},"end":{"line":302,"column":58}},"117":{"start":{"line":303,"column":4},"end":{"line":303,"column":80}},"118":{"start":{"line":306,"column":2},"end":{"line":329,"column":3}},"119":{"start":{"line":308,"column":30},"end":{"line":311,"column":7}},"120":{"start":{"line":308,"column":51},"end":{"line":311,"column":5}},"121":{"start":{"line":313,"column":4},"end":{"line":313,"column":46}},"122":{"start":{"line":314,"column":27},"end":{"line":322,"column":6}},"123":{"start":{"line":324,"column":4},"end":{"line":324,"column":66}},"124":{"start":{"line":325,"column":4},"end":{"line":325,"column":29}},"125":{"start":{"line":327,"column":4},"end":{"line":327,"column":42}},"126":{"start":{"line":328,"column":4},"end":{"line":328,"column":65}},"127":{"start":{"line":335,"column":0},"end":{"line":337,"column":3}},"128":{"start":{"line":336,"column":2},"end":{"line":336,"column":78}},"129":{"start":{"line":342,"column":0},"end":{"line":344,"column":3}},"130":{"start":{"line":343,"column":2},"end":{"line":343,"column":61}},"131":{"start":{"line":349,"column":0},"end":{"line":356,"column":1}},"132":{"start":{"line":350,"column":2},"end":{"line":355,"column":5}},"133":{"start":{"line":351,"column":4},"end":{"line":351,"column":64}},"134":{"start":{"line":352,"column":4},"end":{"line":354,"column":5}},"135":{"start":{"line":353,"column":6},"end":{"line":353,"column":75}},"136":{"start":{"line":358,"column":0},"end":{"line":358,"column":21}}},"fnMap":{"0":{"name":"(anonymous_0)","decl":{"start":{"line":61,"column":47},"end":{"line":61,"column":48}},"loc":{"start":{"line":61,"column":52},"end":{"line":61,"column":60}},"line":61},"1":{"name":"(anonymous_1)","decl":{"start":{"line":65,"column":10},"end":{"line":65,"column":11}},"loc":{"start":{"line":65,"column":32},"end":{"line":71,"column":3}},"line":65},"2":{"name":"(anonymous_2)","decl":{"start":{"line":92,"column":14},"end":{"line":92,"column":15}},"loc":{"start":{"line":92,"column":33},"end":{"line":96,"column":3}},"line":92},"3":{"name":"authenticateToken","decl":{"start":{"line":102,"column":9},"end":{"line":102,"column":26}},"loc":{"start":{"line":102,"column":43},"end":{"line":124,"column":1}},"line":102},"4":{"name":"(anonymous_4)","decl":{"start":{"line":115,"column":32},"end":{"line":115,"column":33}},"loc":{"start":{"line":115,"column":47},"end":{"line":123,"column":3}},"line":115},"5":{"name":"validateCsrf","decl":{"start":{"line":129,"column":9},"end":{"line":129,"column":21}},"loc":{"start":{"line":129,"column":38},"end":{"line":144,"column":1}},"line":129},"6":{"name":"sanitizeHtml","decl":{"start":{"line":146,"column":9},"end":{"line":146,"column":21}},"loc":{"start":{"line":146,"column":27},"end":{"line":149,"column":1}},"line":146},"7":{"name":"(anonymous_7)","decl":{"start":{"line":157,"column":17},"end":{"line":157,"column":18}},"loc":{"start":{"line":157,"column":26},"end":{"line":157,"column":94}},"line":157},"8":{"name":"(anonymous_8)","decl":{"start":{"line":166,"column":17},"end":{"line":166,"column":18}},"loc":{"start":{"line":166,"column":26},"end":{"line":166,"column":94}},"line":166},"9":{"name":"(anonymous_9)","decl":{"start":{"line":186,"column":37},"end":{"line":186,"column":38}},"loc":{"start":{"line":186,"column":57},"end":{"line":236,"column":1}},"line":186},"10":{"name":"(anonymous_10)","decl":{"start":{"line":241,"column":38},"end":{"line":241,"column":39}},"loc":{"start":{"line":241,"column":52},"end":{"line":252,"column":1}},"line":241},"11":{"name":"(anonymous_11)","decl":{"start":{"line":261,"column":68},"end":{"line":261,"column":69}},"loc":{"start":{"line":261,"column":88},"end":{"line":330,"column":1}},"line":261},"12":{"name":"(anonymous_12)","decl":{"start":{"line":308,"column":43},"end":{"line":308,"column":44}},"loc":{"start":{"line":308,"column":51},"end":{"line":311,"column":5}},"line":308},"13":{"name":"(anonymous_13)","decl":{"start":{"line":335,"column":24},"end":{"line":335,"column":25}},"loc":{"start":{"line":335,"column":38},"end":{"line":337,"column":1}},"line":335},"14":{"name":"(anonymous_14)","decl":{"start":{"line":342,"column":13},"end":{"line":342,"column":14}},"loc":{"start":{"line":342,"column":27},"end":{"line":344,"column":1}},"line":342},"15":{"name":"(anonymous_15)","decl":{"start":{"line":350,"column":19},"end":{"line":350,"column":20}},"loc":{"start":{"line":350,"column":25},"end":{"line":355,"column":3}},"line":350}},"branchMap":{"0":{"loc":{"start":{"line":17,"column":19},"end":{"line":17,"column":43}},"type":"binary-expr","locations":[{"start":{"line":17,"column":19},"end":{"line":17,"column":35}},{"start":{"line":17,"column":39},"end":{"line":17,"column":43}}],"line":17},"1":{"loc":{"start":{"line":18,"column":19},"end":{"line":21,"column":45}},"type":"binary-expr","locations":[{"start":{"line":18,"column":19},"end":{"line":18,"column":41}},{"start":{"line":19,"column":3},"end":{"line":21,"column":44}}],"line":18},"2":{"loc":{"start":{"line":19,"column":3},"end":{"line":21,"column":44}},"type":"cond-expr","locations":[{"start":{"line":20,"column":6},"end":{"line":20,"column":35}},{"start":{"line":21,"column":6},"end":{"line":21,"column":44}}],"line":19},"3":{"loc":{"start":{"line":27,"column":19},"end":{"line":27,"column":67}},"type":"cond-expr","locations":[{"start":{"line":27,"column":30},"end":{"line":27,"column":60}},{"start":{"line":27,"column":63},"end":{"line":27,"column":67}}],"line":27},"4":{"loc":{"start":{"line":60,"column":23},"end":{"line":62,"column":54}},"type":"cond-expr","locations":[{"start":{"line":61,"column":4},"end":{"line":61,"column":61}},{"start":{"line":62,"column":4},"end":{"line":62,"column":54}}],"line":60},"5":{"loc":{"start":{"line":66,"column":4},"end":{"line":70,"column":5}},"type":"if","locations":[{"start":{"line":66,"column":4},"end":{"line":70,"column":5}},{"start":{"line":68,"column":11},"end":{"line":70,"column":5}}],"line":66},"6":{"loc":{"start":{"line":66,"column":8},"end":{"line":66,"column":50}},"type":"binary-expr","locations":[{"start":{"line":66,"column":8},"end":{"line":66,"column":15}},{"start":{"line":66,"column":19},"end":{"line":66,"column":50}}],"line":66},"7":{"loc":{"start":{"line":93,"column":4},"end":{"line":95,"column":5}},"type":"if","locations":[{"start":{"line":93,"column":4},"end":{"line":95,"column":5}},{"start":{},"end":{}}],"line":93},"8":{"loc":{"start":{"line":103,"column":22},"end":{"line":103,"column":64}},"type":"cond-expr","locations":[{"start":{"line":103,"column":36},"end":{"line":103,"column":57}},{"start":{"line":103,"column":60},"end":{"line":103,"column":64}}],"line":103},"9":{"loc":{"start":{"line":105,"column":22},"end":{"line":105,"column":60}},"type":"binary-expr","locations":[{"start":{"line":105,"column":22},"end":{"line":105,"column":32}},{"start":{"line":105,"column":36},"end":{"line":105,"column":60}}],"line":105},"10":{"loc":{"start":{"line":106,"column":22},"end":{"line":106,"column":48}},"type":"binary-expr","locations":[{"start":{"line":106,"column":22},"end":{"line":106,"column":33}},{"start":{"line":106,"column":37},"end":{"line":106,"column":48}}],"line":106},"11":{"loc":{"start":{"line":108,"column":38},"end":{"line":108,"column":96}},"type":"cond-expr","locations":[{"start":{"line":108,"column":52},"end":{"line":108,"column":60}},{"start":{"line":108,"column":64},"end":{"line":108,"column":95}}],"line":108},"12":{"loc":{"start":{"line":108,"column":64},"end":{"line":108,"column":95}},"type":"cond-expr","locations":[{"start":{"line":108,"column":78},"end":{"line":108,"column":86}},{"start":{"line":108,"column":89},"end":{"line":108,"column":95}}],"line":108},"13":{"loc":{"start":{"line":108,"column":109},"end":{"line":108,"column":133}},"type":"cond-expr","locations":[{"start":{"line":108,"column":117},"end":{"line":108,"column":129}},{"start":{"line":108,"column":132},"end":{"line":108,"column":133}}],"line":108},"14":{"loc":{"start":{"line":110,"column":2},"end":{"line":113,"column":3}},"type":"if","locations":[{"start":{"line":110,"column":2},"end":{"line":113,"column":3}},{"start":{},"end":{}}],"line":110},"15":{"loc":{"start":{"line":116,"column":4},"end":{"line":119,"column":5}},"type":"if","locations":[{"start":{"line":116,"column":4},"end":{"line":119,"column":5}},{"start":{},"end":{}}],"line":116},"16":{"loc":{"start":{"line":130,"column":2},"end":{"line":132,"column":3}},"type":"if","locations":[{"start":{"line":130,"column":2},"end":{"line":132,"column":3}},{"start":{},"end":{}}],"line":130},"17":{"loc":{"start":{"line":130,"column":6},"end":{"line":130,"column":67}},"type":"binary-expr","locations":[{"start":{"line":130,"column":6},"end":{"line":130,"column":37}},{"start":{"line":130,"column":41},"end":{"line":130,"column":67}}],"line":130},"18":{"loc":{"start":{"line":134,"column":21},"end":{"line":134,"column":63}},"type":"cond-expr","locations":[{"start":{"line":134,"column":35},"end":{"line":134,"column":56}},{"start":{"line":134,"column":59},"end":{"line":134,"column":63}}],"line":134},"19":{"loc":{"start":{"line":137,"column":38},"end":{"line":137,"column":72}},"type":"cond-expr","locations":[{"start":{"line":137,"column":51},"end":{"line":137,"column":60}},{"start":{"line":137,"column":63},"end":{"line":137,"column":72}}],"line":137},"20":{"loc":{"start":{"line":137,"column":91},"end":{"line":137,"column":125}},"type":"cond-expr","locations":[{"start":{"line":137,"column":104},"end":{"line":137,"column":113}},{"start":{"line":137,"column":116},"end":{"line":137,"column":125}}],"line":137},"21":{"loc":{"start":{"line":139,"column":2},"end":{"line":142,"column":3}},"type":"if","locations":[{"start":{"line":139,"column":2},"end":{"line":142,"column":3}},{"start":{},"end":{}}],"line":139},"22":{"loc":{"start":{"line":139,"column":6},"end":{"line":139,"column":61}},"type":"binary-expr","locations":[{"start":{"line":139,"column":6},"end":{"line":139,"column":17}},{"start":{"line":139,"column":21},"end":{"line":139,"column":32}},{"start":{"line":139,"column":36},"end":{"line":139,"column":61}}],"line":139},"23":{"loc":{"start":{"line":147,"column":2},"end":{"line":147,"column":42}},"type":"if","locations":[{"start":{"line":147,"column":2},"end":{"line":147,"column":42}},{"start":{},"end":{}}],"line":147},"24":{"loc":{"start":{"line":156,"column":17},"end":{"line":156,"column":66}},"type":"cond-expr","locations":[{"start":{"line":156,"column":59},"end":{"line":156,"column":60}},{"start":{"line":156,"column":63},"end":{"line":156,"column":66}}],"line":156},"25":{"loc":{"start":{"line":157,"column":26},"end":{"line":157,"column":94}},"type":"binary-expr","locations":[{"start":{"line":157,"column":26},"end":{"line":157,"column":57}},{"start":{"line":157,"column":61},"end":{"line":157,"column":94}}],"line":157},"26":{"loc":{"start":{"line":166,"column":26},"end":{"line":166,"column":94}},"type":"binary-expr","locations":[{"start":{"line":166,"column":26},"end":{"line":166,"column":57}},{"start":{"line":166,"column":61},"end":{"line":166,"column":94}}],"line":166},"27":{"loc":{"start":{"line":179,"column":29},"end":{"line":179,"column":79}},"type":"binary-expr","locations":[{"start":{"line":179,"column":29},"end":{"line":179,"column":52}},{"start":{"line":179,"column":56},"end":{"line":179,"column":79}}],"line":179},"28":{"loc":{"start":{"line":180,"column":28},"end":{"line":181,"column":64}},"type":"binary-expr","locations":[{"start":{"line":180,"column":28},"end":{"line":180,"column":59}},{"start":{"line":181,"column":2},"end":{"line":181,"column":64}}],"line":180},"29":{"loc":{"start":{"line":189,"column":2},"end":{"line":191,"column":3}},"type":"if","locations":[{"start":{"line":189,"column":2},"end":{"line":191,"column":3}},{"start":{},"end":{}}],"line":189},"30":{"loc":{"start":{"line":189,"column":6},"end":{"line":189,"column":25}},"type":"binary-expr","locations":[{"start":{"line":189,"column":6},"end":{"line":189,"column":12}},{"start":{"line":189,"column":16},"end":{"line":189,"column":25}}],"line":189},"31":{"loc":{"start":{"line":194,"column":2},"end":{"line":196,"column":3}},"type":"if","locations":[{"start":{"line":194,"column":2},"end":{"line":196,"column":3}},{"start":{},"end":{}}],"line":194},"32":{"loc":{"start":{"line":194,"column":6},"end":{"line":194,"column":53}},"type":"binary-expr","locations":[{"start":{"line":194,"column":6},"end":{"line":194,"column":31}},{"start":{"line":194,"column":35},"end":{"line":194,"column":53}}],"line":194},"33":{"loc":{"start":{"line":197,"column":2},"end":{"line":199,"column":3}},"type":"if","locations":[{"start":{"line":197,"column":2},"end":{"line":199,"column":3}},{"start":{},"end":{}}],"line":197},"34":{"loc":{"start":{"line":197,"column":6},"end":{"line":197,"column":59}},"type":"binary-expr","locations":[{"start":{"line":197,"column":6},"end":{"line":197,"column":34}},{"start":{"line":197,"column":38},"end":{"line":197,"column":59}}],"line":197},"35":{"loc":{"start":{"line":202,"column":2},"end":{"line":204,"column":3}},"type":"if","locations":[{"start":{"line":202,"column":2},"end":{"line":204,"column":3}},{"start":{},"end":{}}],"line":202},"36":{"loc":{"start":{"line":210,"column":2},"end":{"line":233,"column":3}},"type":"if","locations":[{"start":{"line":210,"column":2},"end":{"line":233,"column":3}},{"start":{},"end":{}}],"line":210},"37":{"loc":{"start":{"line":210,"column":6},"end":{"line":210,"column":37}},"type":"binary-expr","locations":[{"start":{"line":210,"column":6},"end":{"line":210,"column":18}},{"start":{"line":210,"column":22},"end":{"line":210,"column":37}}],"line":210},"38":{"loc":{"start":{"line":263,"column":51},"end":{"line":263,"column":81}},"type":"cond-expr","locations":[{"start":{"line":263,"column":62},"end":{"line":263,"column":77}},{"start":{"line":263,"column":80},"end":{"line":263,"column":81}}],"line":263},"39":{"loc":{"start":{"line":263,"column":108},"end":{"line":263,"column":134}},"type":"cond-expr","locations":[{"start":{"line":263,"column":117},"end":{"line":263,"column":130}},{"start":{"line":263,"column":133},"end":{"line":263,"column":134}}],"line":263},"40":{"loc":{"start":{"line":265,"column":2},"end":{"line":268,"column":3}},"type":"if","locations":[{"start":{"line":265,"column":2},"end":{"line":268,"column":3}},{"start":{},"end":{}}],"line":265},"41":{"loc":{"start":{"line":270,"column":2},"end":{"line":273,"column":3}},"type":"if","locations":[{"start":{"line":270,"column":2},"end":{"line":273,"column":3}},{"start":{},"end":{}}],"line":270},"42":{"loc":{"start":{"line":276,"column":4},"end":{"line":283,"column":5}},"type":"if","locations":[{"start":{"line":276,"column":4},"end":{"line":283,"column":5}},{"start":{},"end":{}}],"line":276},"43":{"loc":{"start":{"line":277,"column":6},"end":{"line":279,"column":57}},"type":"binary-expr","locations":[{"start":{"line":277,"column":6},"end":{"line":277,"column":29}},{"start":{"line":277,"column":33},"end":{"line":277,"column":45}},{"start":{"line":278,"column":6},"end":{"line":278,"column":37}},{"start":{"line":279,"column":6},"end":{"line":279,"column":57}}],"line":277},"44":{"loc":{"start":{"line":284,"column":4},"end":{"line":287,"column":5}},"type":"if","locations":[{"start":{"line":284,"column":4},"end":{"line":287,"column":5}},{"start":{},"end":{}}],"line":284},"45":{"loc":{"start":{"line":290,"column":2},"end":{"line":299,"column":3}},"type":"if","locations":[{"start":{"line":290,"column":2},"end":{"line":299,"column":3}},{"start":{},"end":{}}],"line":290},"46":{"loc":{"start":{"line":291,"column":4},"end":{"line":294,"column":5}},"type":"if","locations":[{"start":{"line":291,"column":4},"end":{"line":294,"column":5}},{"start":{},"end":{}}],"line":291},"47":{"loc":{"start":{"line":295,"column":4},"end":{"line":298,"column":5}},"type":"if","locations":[{"start":{"line":295,"column":4},"end":{"line":298,"column":5}},{"start":{},"end":{}}],"line":295},"48":{"loc":{"start":{"line":301,"column":2},"end":{"line":304,"column":3}},"type":"if","locations":[{"start":{"line":301,"column":2},"end":{"line":304,"column":3}},{"start":{},"end":{}}],"line":301},"49":{"loc":{"start":{"line":310,"column":15},"end":{"line":310,"column":76}},"type":"cond-expr","locations":[{"start":{"line":310,"column":37},"end":{"line":310,"column":62}},{"start":{"line":310,"column":65},"end":{"line":310,"column":76}}],"line":310},"50":{"loc":{"start":{"line":318,"column":12},"end":{"line":318,"column":63}},"type":"cond-expr","locations":[{"start":{"line":318,"column":21},"end":{"line":318,"column":58}},{"start":{"line":318,"column":61},"end":{"line":318,"column":63}}],"line":318},"51":{"loc":{"start":{"line":349,"column":0},"end":{"line":356,"column":1}},"type":"if","locations":[{"start":{"line":349,"column":0},"end":{"line":356,"column":1}},{"start":{},"end":{}}],"line":349},"52":{"loc":{"start":{"line":352,"column":4},"end":{"line":354,"column":5}},"type":"if","locations":[{"start":{"line":352,"column":4},"end":{"line":354,"column":5}},{"start":{},"end":{}}],"line":352}},"s":{"0":1,"1":1,"2":1,"3":1,"4":1,"5":1,"6":1,"7":1,"8":1,"9":1,"10":1,"11":1,"12":1,"13":1,"14":1,"15":1,"16":1,"17":1,"18":1,"19":1,"20":1,"21":0,"22":1,"23":58,"24":57,"25":1,"26":1,"27":1,"28":1,"29":1,"30":1,"31":44,"32":44,"33":44,"34":44,"35":44,"36":44,"37":1,"38":1,"39":43,"40":43,"41":1,"42":1,"43":42,"44":42,"45":42,"46":44,"47":39,"48":5,"49":5,"50":5,"51":5,"52":3,"53":3,"54":2,"55":2,"56":0,"57":2,"58":1,"59":8,"60":1,"61":40,"62":1,"63":1,"64":1,"65":8,"66":8,"67":2,"68":6,"69":1,"70":5,"71":0,"72":5,"73":5,"74":1,"75":4,"76":4,"77":4,"78":2,"79":2,"80":2,"81":2,"82":2,"83":2,"84":2,"85":1,"86":1,"87":1,"88":1,"89":1,"90":1,"91":1,"92":1,"93":39,"94":39,"95":39,"96":1,"97":1,"98":38,"99":1,"100":1,"101":37,"102":5,"103":1,"104":1,"105":4,"106":1,"107":1,"108":35,"109":3,"110":0,"111":0,"112":3,"113":1,"114":1,"115":34,"116":0,"117":0,"118":34,"119":34,"120":2,"121":34,"122":34,"123":34,"124":34,"125":0,"126":0,"127":1,"128":1,"129":1,"130":0,"131":1,"132":0,"133":0,"134":0,"135":0,"136":1},"f":{"0":0,"1":58,"2":1,"3":44,"4":43,"5":44,"6":2,"7":8,"8":40,"9":8,"10":1,"11":39,"12":2,"13":1,"14":0,"15":0},"b":{"0":[1,1],"1":[1,1],"2":[1,0],"3":[1,0],"4":[0,1],"5":[57,1],"6":[58,42],"7":[1,0],"8":[44,0],"9":[44,42],"10":[44,43],"11":[1,43],"12":[42,1],"13":[43,1],"14":[1,43],"15":[1,42],"16":[39,5],"17":[44,44],"18":[5,0],"19":[3,2],"20":[3,2],"21":[3,2],"22":[5,3,3],"23":[0,2],"24":[0,1],"25":[8,8],"26":[40,40],"27":[1,1],"28":[1,1],"29":[2,6],"30":[8,7],"31":[1,5],"32":[6,6],"33":[0,5],"34":[5,5],"35":[1,4],"36":[2,2],"37":[4,4],"38":[39,0],"39":[4,35],"40":[1,38],"41":[1,37],"42":[1,4],"43":[5,5,5,5],"44":[1,3],"45":[3,32],"46":[0,3],"47":[1,2],"48":[0,34],"49":[2,0],"50":[2,32],"51":[0,1],"52":[0,0]},"_coverageSchema":"1a1c01bbd47fc00a2c39e90264f33305004495a9","hash":"e7f7316221767f7fe93a01468c6a20156744869e"}
,"/Users/gouravsingh/Downloads/carbontrack-server/public/js/emissions.js": {"path":"/Users/gouravsingh/Downloads/carbontrack-server/public/js/emissions.js","statementMap":{"0":{"start":{"line":5,"column":18},"end":{"line":107,"column":1}},"1":{"start":{"line":29,"column":16},"end":{"line":29,"column":43}},"2":{"start":{"line":30,"column":17},"end":{"line":30,"column":45}},"3":{"start":{"line":31,"column":16},"end":{"line":31,"column":43}},"4":{"start":{"line":32,"column":18},"end":{"line":32,"column":47}},"5":{"start":{"line":33,"column":17},"end":{"line":33,"column":45}},"6":{"start":{"line":34,"column":16},"end":{"line":34,"column":43}},"7":{"start":{"line":35,"column":17},"end":{"line":35,"column":45}},"8":{"start":{"line":36,"column":18},"end":{"line":36,"column":47}},"9":{"start":{"line":37,"column":18},"end":{"line":37,"column":47}},"10":{"start":{"line":38,"column":19},"end":{"line":38,"column":49}},"11":{"start":{"line":41,"column":31},"end":{"line":43,"column":82}},"12":{"start":{"line":46,"column":19},"end":{"line":46,"column":84}},"13":{"start":{"line":49,"column":17},"end":{"line":50,"column":60}},"14":{"start":{"line":53,"column":21},"end":{"line":54,"column":65}},"15":{"start":{"line":56,"column":18},"end":{"line":56,"column":63}},"16":{"start":{"line":58,"column":4},"end":{"line":64,"column":6}},"17":{"start":{"line":73,"column":17},"end":{"line":73,"column":49}},"18":{"start":{"line":74,"column":17},"end":{"line":74,"column":53}},"19":{"start":{"line":76,"column":22},"end":{"line":76,"column":23}},"20":{"start":{"line":77,"column":4},"end":{"line":81,"column":64}},"21":{"start":{"line":77,"column":29},"end":{"line":77,"column":60}},"22":{"start":{"line":78,"column":9},"end":{"line":81,"column":64}},"23":{"start":{"line":78,"column":35},"end":{"line":78,"column":67}},"24":{"start":{"line":79,"column":9},"end":{"line":81,"column":64}},"25":{"start":{"line":79,"column":29},"end":{"line":79,"column":60}},"26":{"start":{"line":80,"column":9},"end":{"line":81,"column":64}},"27":{"start":{"line":80,"column":31},"end":{"line":80,"column":64}},"28":{"start":{"line":81,"column":9},"end":{"line":81,"column":64}},"29":{"start":{"line":81,"column":31},"end":{"line":81,"column":64}},"30":{"start":{"line":83,"column":16},"end":{"line":83,"column":34}},"31":{"start":{"line":86,"column":4},"end":{"line":88,"column":5}},"32":{"start":{"line":87,"column":6},"end":{"line":87,"column":72}},"33":{"start":{"line":87,"column":42},"end":{"line":87,"column":70}},"34":{"start":{"line":91,"column":4},"end":{"line":93,"column":5}},"35":{"start":{"line":92,"column":6},"end":{"line":92,"column":73}},"36":{"start":{"line":92,"column":43},"end":{"line":92,"column":71}},"37":{"start":{"line":96,"column":17},"end":{"line":96,"column":45}},"38":{"start":{"line":98,"column":4},"end":{"line":98,"column":38}},"39":{"start":{"line":101,"column":4},"end":{"line":103,"column":5}},"40":{"start":{"line":102,"column":6},"end":{"line":102,"column":19}},"41":{"start":{"line":105,"column":4},"end":{"line":105,"column":40}},"42":{"start":{"line":110,"column":0},"end":{"line":114,"column":1}},"43":{"start":{"line":111,"column":2},"end":{"line":111,"column":29}},"44":{"start":{"line":113,"column":2},"end":{"line":113,"column":31}}},"fnMap":{"0":{"name":"(anonymous_0)","decl":{"start":{"line":28,"column":14},"end":{"line":28,"column":15}},"loc":{"start":{"line":28,"column":31},"end":{"line":65,"column":3}},"line":28},"1":{"name":"(anonymous_1)","decl":{"start":{"line":72,"column":13},"end":{"line":72,"column":14}},"loc":{"start":{"line":72,"column":30},"end":{"line":106,"column":3}},"line":72},"2":{"name":"(anonymous_2)","decl":{"start":{"line":87,"column":36},"end":{"line":87,"column":37}},"loc":{"start":{"line":87,"column":42},"end":{"line":87,"column":70}},"line":87},"3":{"name":"(anonymous_3)","decl":{"start":{"line":92,"column":37},"end":{"line":92,"column":38}},"loc":{"start":{"line":92,"column":43},"end":{"line":92,"column":71}},"line":92}},"branchMap":{"0":{"loc":{"start":{"line":29,"column":16},"end":{"line":29,"column":43}},"type":"binary-expr","locations":[{"start":{"line":29,"column":16},"end":{"line":29,"column":38}},{"start":{"line":29,"column":42},"end":{"line":29,"column":43}}],"line":29},"1":{"loc":{"start":{"line":30,"column":17},"end":{"line":30,"column":45}},"type":"binary-expr","locations":[{"start":{"line":30,"column":17},"end":{"line":30,"column":40}},{"start":{"line":30,"column":44},"end":{"line":30,"column":45}}],"line":30},"2":{"loc":{"start":{"line":31,"column":16},"end":{"line":31,"column":43}},"type":"binary-expr","locations":[{"start":{"line":31,"column":16},"end":{"line":31,"column":38}},{"start":{"line":31,"column":42},"end":{"line":31,"column":43}}],"line":31},"3":{"loc":{"start":{"line":32,"column":18},"end":{"line":32,"column":47}},"type":"binary-expr","locations":[{"start":{"line":32,"column":18},"end":{"line":32,"column":42}},{"start":{"line":32,"column":46},"end":{"line":32,"column":47}}],"line":32},"4":{"loc":{"start":{"line":33,"column":17},"end":{"line":33,"column":45}},"type":"binary-expr","locations":[{"start":{"line":33,"column":17},"end":{"line":33,"column":40}},{"start":{"line":33,"column":44},"end":{"line":33,"column":45}}],"line":33},"5":{"loc":{"start":{"line":34,"column":16},"end":{"line":34,"column":43}},"type":"binary-expr","locations":[{"start":{"line":34,"column":16},"end":{"line":34,"column":38}},{"start":{"line":34,"column":42},"end":{"line":34,"column":43}}],"line":34},"6":{"loc":{"start":{"line":35,"column":17},"end":{"line":35,"column":45}},"type":"binary-expr","locations":[{"start":{"line":35,"column":17},"end":{"line":35,"column":40}},{"start":{"line":35,"column":44},"end":{"line":35,"column":45}}],"line":35},"7":{"loc":{"start":{"line":36,"column":18},"end":{"line":36,"column":47}},"type":"binary-expr","locations":[{"start":{"line":36,"column":18},"end":{"line":36,"column":42}},{"start":{"line":36,"column":46},"end":{"line":36,"column":47}}],"line":36},"8":{"loc":{"start":{"line":37,"column":18},"end":{"line":37,"column":47}},"type":"binary-expr","locations":[{"start":{"line":37,"column":18},"end":{"line":37,"column":42}},{"start":{"line":37,"column":46},"end":{"line":37,"column":47}}],"line":37},"9":{"loc":{"start":{"line":38,"column":19},"end":{"line":38,"column":49}},"type":"binary-expr","locations":[{"start":{"line":38,"column":19},"end":{"line":38,"column":44}},{"start":{"line":38,"column":48},"end":{"line":38,"column":49}}],"line":38},"10":{"loc":{"start":{"line":73,"column":17},"end":{"line":73,"column":49}},"type":"binary-expr","locations":[{"start":{"line":73,"column":17},"end":{"line":73,"column":44}},{"start":{"line":73,"column":48},"end":{"line":73,"column":49}}],"line":73},"11":{"loc":{"start":{"line":74,"column":17},"end":{"line":74,"column":53}},"type":"binary-expr","locations":[{"start":{"line":74,"column":17},"end":{"line":74,"column":37}},{"start":{"line":74,"column":41},"end":{"line":74,"column":53}}],"line":74},"12":{"loc":{"start":{"line":77,"column":4},"end":{"line":81,"column":64}},"type":"if","locations":[{"start":{"line":77,"column":4},"end":{"line":81,"column":64}},{"start":{"line":78,"column":9},"end":{"line":81,"column":64}}],"line":77},"13":{"loc":{"start":{"line":78,"column":9},"end":{"line":81,"column":64}},"type":"if","locations":[{"start":{"line":78,"column":9},"end":{"line":81,"column":64}},{"start":{"line":79,"column":9},"end":{"line":81,"column":64}}],"line":78},"14":{"loc":{"start":{"line":79,"column":9},"end":{"line":81,"column":64}},"type":"if","locations":[{"start":{"line":79,"column":9},"end":{"line":81,"column":64}},{"start":{"line":80,"column":9},"end":{"line":81,"column":64}}],"line":79},"15":{"loc":{"start":{"line":80,"column":9},"end":{"line":81,"column":64}},"type":"if","locations":[{"start":{"line":80,"column":9},"end":{"line":81,"column":64}},{"start":{"line":81,"column":9},"end":{"line":81,"column":64}}],"line":80},"16":{"loc":{"start":{"line":81,"column":9},"end":{"line":81,"column":64}},"type":"if","locations":[{"start":{"line":81,"column":9},"end":{"line":81,"column":64}},{"start":{},"end":{}}],"line":81},"17":{"loc":{"start":{"line":86,"column":4},"end":{"line":88,"column":5}},"type":"if","locations":[{"start":{"line":86,"column":4},"end":{"line":88,"column":5}},{"start":{},"end":{}}],"line":86},"18":{"loc":{"start":{"line":87,"column":51},"end":{"line":87,"column":70}},"type":"binary-expr","locations":[{"start":{"line":87,"column":51},"end":{"line":87,"column":65}},{"start":{"line":87,"column":69},"end":{"line":87,"column":70}}],"line":87},"19":{"loc":{"start":{"line":91,"column":4},"end":{"line":93,"column":5}},"type":"if","locations":[{"start":{"line":91,"column":4},"end":{"line":93,"column":5}},{"start":{},"end":{}}],"line":91},"20":{"loc":{"start":{"line":92,"column":52},"end":{"line":92,"column":71}},"type":"binary-expr","locations":[{"start":{"line":92,"column":52},"end":{"line":92,"column":66}},{"start":{"line":92,"column":70},"end":{"line":92,"column":71}}],"line":92},"21":{"loc":{"start":{"line":96,"column":17},"end":{"line":96,"column":45}},"type":"binary-expr","locations":[{"start":{"line":96,"column":17},"end":{"line":96,"column":40}},{"start":{"line":96,"column":44},"end":{"line":96,"column":45}}],"line":96},"22":{"loc":{"start":{"line":101,"column":4},"end":{"line":103,"column":5}},"type":"if","locations":[{"start":{"line":101,"column":4},"end":{"line":103,"column":5}},{"start":{},"end":{}}],"line":101},"23":{"loc":{"start":{"line":110,"column":0},"end":{"line":114,"column":1}},"type":"if","locations":[{"start":{"line":110,"column":0},"end":{"line":114,"column":1}},{"start":{"line":112,"column":7},"end":{"line":114,"column":1}}],"line":110},"24":{"loc":{"start":{"line":110,"column":4},"end":{"line":110,"column":51}},"type":"binary-expr","locations":[{"start":{"line":110,"column":4},"end":{"line":110,"column":33}},{"start":{"line":110,"column":37},"end":{"line":110,"column":51}}],"line":110}},"s":{"0":2,"1":37,"2":37,"3":37,"4":37,"5":37,"6":37,"7":37,"8":37,"9":37,"10":37,"11":37,"12":37,"13":37,"14":37,"15":37,"16":37,"17":4,"18":4,"19":4,"20":4,"21":3,"22":1,"23":0,"24":1,"25":0,"26":1,"27":0,"28":1,"29":0,"30":4,"31":4,"32":4,"33":2,"34":4,"35":4,"36":1,"37":4,"38":4,"39":4,"40":1,"41":4,"42":2,"43":2,"44":0},"f":{"0":37,"1":4,"2":2,"3":1},"b":{"0":[37,1],"1":[37,1],"2":[37,1],"3":[37,1],"4":[37,1],"5":[37,1],"6":[37,1],"7":[37,1],"8":[37,1],"9":[37,1],"10":[4,0],"11":[4,0],"12":[3,1],"13":[0,1],"14":[0,1],"15":[0,1],"16":[0,1],"17":[4,0],"18":[2,0],"19":[4,0],"20":[1,0],"21":[4,1],"22":[1,3],"23":[2,0],"24":[2,2]},"_coverageSchema":"1a1c01bbd47fc00a2c39e90264f33305004495a9","hash":"89cb5cba5ff13a46fda7eda7441ffe3b9c41fe36"}
}
