TN:
SF:server.js
FN:61,(anonymous_0)
FN:65,(anonymous_1)
FN:92,(anonymous_2)
FN:102,authenticateToken
FN:115,(anonymous_4)
FN:129,validateCsrf
FN:146,sanitizeHtml
FN:157,(anonymous_7)
FN:166,(anonymous_8)
FN:186,(anonymous_9)
FN:241,(anonymous_10)
FN:261,(anonymous_11)
FN:308,(anonymous_12)
FN:335,(anonymous_13)
FN:342,(anonymous_14)
FN:350,(anonymous_15)
FNF:16
FNH:13
FNDA:0,(anonymous_0)
FNDA:58,(anonymous_1)
FNDA:1,(anonymous_2)
FNDA:44,authenticateToken
FNDA:43,(anonymous_4)
FNDA:44,validateCsrf
FNDA:2,sanitizeHtml
FNDA:8,(anonymous_7)
FNDA:40,(anonymous_8)
FNDA:8,(anonymous_9)
FNDA:1,(anonymous_10)
FNDA:39,(anonymous_11)
FNDA:2,(anonymous_12)
FNDA:1,(anonymous_13)
FNDA:0,(anonymous_14)
FNDA:0,(anonymous_15)
DA:1,1
DA:2,1
DA:3,1
DA:4,1
DA:5,1
DA:6,1
DA:7,1
DA:8,1
DA:9,1
DA:10,1
DA:11,1
DA:12,1
DA:14,1
DA:15,1
DA:17,1
DA:18,1
DA:26,1
DA:27,1
DA:32,1
DA:37,1
DA:60,1
DA:61,0
DA:64,1
DA:66,58
DA:67,57
DA:69,1
DA:80,1
DA:85,1
DA:90,1
DA:93,1
DA:94,1
DA:103,44
DA:104,44
DA:105,44
DA:106,44
DA:108,44
DA:110,44
DA:111,1
DA:112,1
DA:115,43
DA:116,43
DA:117,1
DA:118,1
DA:120,42
DA:121,42
DA:122,42
DA:130,44
DA:131,39
DA:134,5
DA:135,5
DA:137,5
DA:139,5
DA:140,3
DA:141,3
DA:143,2
DA:147,2
DA:148,2
DA:154,1
DA:157,8
DA:163,1
DA:166,40
DA:179,1
DA:180,1
DA:186,1
DA:187,8
DA:189,8
DA:190,2
DA:194,6
DA:195,1
DA:197,5
DA:198,0
DA:201,5
DA:202,5
DA:203,1
DA:206,4
DA:208,4
DA:210,4
DA:211,2
DA:212,2
DA:215,2
DA:218,2
DA:226,2
DA:232,2
DA:235,2
DA:241,1
DA:242,1
DA:247,1
DA:251,1
DA:257,1
DA:258,1
DA:259,1
DA:261,1
DA:262,39
DA:263,39
DA:265,39
DA:266,1
DA:267,1
DA:270,38
DA:271,1
DA:272,1
DA:275,37
DA:276,5
DA:281,1
DA:282,1
DA:284,4
DA:285,1
DA:286,1
DA:290,35
DA:291,3
DA:292,0
DA:293,0
DA:295,3
DA:296,1
DA:297,1
DA:301,34
DA:302,0
DA:303,0
DA:306,34
DA:308,34
DA:313,34
DA:314,34
DA:324,34
DA:325,34
DA:327,0
DA:328,0
DA:335,1
DA:336,1
DA:342,1
DA:343,0
DA:349,1
DA:350,0
DA:351,0
DA:352,0
DA:353,0
DA:358,1
LF:135
LH:122
BRDA:17,0,0,1
BRDA:17,0,1,1
BRDA:18,1,0,1
BRDA:18,1,1,1
BRDA:19,2,0,1
BRDA:19,2,1,0
BRDA:27,3,0,1
BRDA:27,3,1,0
BRDA:60,4,0,0
BRDA:60,4,1,1
BRDA:66,5,0,57
BRDA:66,5,1,1
BRDA:66,6,0,58
BRDA:66,6,1,42
BRDA:93,7,0,1
BRDA:93,7,1,0
BRDA:103,8,0,44
BRDA:103,8,1,0
BRDA:105,9,0,44
BRDA:105,9,1,42
BRDA:106,10,0,44
BRDA:106,10,1,43
BRDA:108,11,0,1
BRDA:108,11,1,43
BRDA:108,12,0,42
BRDA:108,12,1,1
BRDA:108,13,0,43
BRDA:108,13,1,1
BRDA:110,14,0,1
BRDA:110,14,1,43
BRDA:116,15,0,1
BRDA:116,15,1,42
BRDA:130,16,0,39
BRDA:130,16,1,5
BRDA:130,17,0,44
BRDA:130,17,1,44
BRDA:134,18,0,5
BRDA:134,18,1,0
BRDA:137,19,0,3
BRDA:137,19,1,2
BRDA:137,20,0,3
BRDA:137,20,1,2
BRDA:139,21,0,3
BRDA:139,21,1,2
BRDA:139,22,0,5
BRDA:139,22,1,3
BRDA:139,22,2,3
BRDA:147,23,0,0
BRDA:147,23,1,2
BRDA:156,24,0,0
BRDA:156,24,1,1
BRDA:157,25,0,8
BRDA:157,25,1,8
BRDA:166,26,0,40
BRDA:166,26,1,40
BRDA:179,27,0,1
BRDA:179,27,1,1
BRDA:180,28,0,1
BRDA:180,28,1,1
BRDA:189,29,0,2
BRDA:189,29,1,6
BRDA:189,30,0,8
BRDA:189,30,1,7
BRDA:194,31,0,1
BRDA:194,31,1,5
BRDA:194,32,0,6
BRDA:194,32,1,6
BRDA:197,33,0,0
BRDA:197,33,1,5
BRDA:197,34,0,5
BRDA:197,34,1,5
BRDA:202,35,0,1
BRDA:202,35,1,4
BRDA:210,36,0,2
BRDA:210,36,1,2
BRDA:210,37,0,4
BRDA:210,37,1,4
BRDA:263,38,0,39
BRDA:263,38,1,0
BRDA:263,39,0,4
BRDA:263,39,1,35
BRDA:265,40,0,1
BRDA:265,40,1,38
BRDA:270,41,0,1
BRDA:270,41,1,37
BRDA:276,42,0,1
BRDA:276,42,1,4
BRDA:277,43,0,5
BRDA:277,43,1,5
BRDA:277,43,2,5
BRDA:277,43,3,5
BRDA:284,44,0,1
BRDA:284,44,1,3
BRDA:290,45,0,3
BRDA:290,45,1,32
BRDA:291,46,0,0
BRDA:291,46,1,3
BRDA:295,47,0,1
BRDA:295,47,1,2
BRDA:301,48,0,0
BRDA:301,48,1,34
BRDA:310,49,0,2
BRDA:310,49,1,0
BRDA:318,50,0,2
BRDA:318,50,1,32
BRDA:349,51,0,0
BRDA:349,51,1,1
BRDA:352,52,0,0
BRDA:352,52,1,0
BRF:109
BRH:93
end_of_record
TN:
SF:public/js/emissions.js
FN:28,(anonymous_0)
FN:72,(anonymous_1)
FN:87,(anonymous_2)
FN:92,(anonymous_3)
FNF:4
FNH:4
FNDA:37,(anonymous_0)
FNDA:4,(anonymous_1)
FNDA:2,(anonymous_2)
FNDA:1,(anonymous_3)
DA:5,2
DA:29,37
DA:30,37
DA:31,37
DA:32,37
DA:33,37
DA:34,37
DA:35,37
DA:36,37
DA:37,37
DA:38,37
DA:41,37
DA:46,37
DA:49,37
DA:53,37
DA:56,37
DA:58,37
DA:73,4
DA:74,4
DA:76,4
DA:77,4
DA:78,1
DA:79,1
DA:80,1
DA:81,1
DA:83,4
DA:86,4
DA:87,4
DA:91,4
DA:92,4
DA:96,4
DA:98,4
DA:101,4
DA:102,1
DA:105,4
DA:110,2
DA:111,2
DA:113,0
LF:38
LH:37
BRDA:29,0,0,37
BRDA:29,0,1,1
BRDA:30,1,0,37
BRDA:30,1,1,1
BRDA:31,2,0,37
BRDA:31,2,1,1
BRDA:32,3,0,37
BRDA:32,3,1,1
BRDA:33,4,0,37
BRDA:33,4,1,1
BRDA:34,5,0,37
BRDA:34,5,1,1
BRDA:35,6,0,37
BRDA:35,6,1,1
BRDA:36,7,0,37
BRDA:36,7,1,1
BRDA:37,8,0,37
BRDA:37,8,1,1
BRDA:38,9,0,37
BRDA:38,9,1,1
BRDA:73,10,0,4
BRDA:73,10,1,0
BRDA:74,11,0,4
BRDA:74,11,1,0
BRDA:77,12,0,3
BRDA:77,12,1,1
BRDA:78,13,0,0
BRDA:78,13,1,1
BRDA:79,14,0,0
BRDA:79,14,1,1
BRDA:80,15,0,0
BRDA:80,15,1,1
BRDA:81,16,0,0
BRDA:81,16,1,1
BRDA:86,17,0,4
BRDA:86,17,1,0
BRDA:87,18,0,2
BRDA:87,18,1,0
BRDA:91,19,0,4
BRDA:91,19,1,0
BRDA:92,20,0,1
BRDA:92,20,1,0
BRDA:96,21,0,4
BRDA:96,21,1,1
BRDA:101,22,0,1
BRDA:101,22,1,3
BRDA:110,23,0,2
BRDA:110,23,1,0
BRDA:110,24,0,2
BRDA:110,24,1,2
BRF:50
BRH:39
end_of_record
