TN:
SF:server.js
FN:60,(anonymous_0)
FN:64,(anonymous_1)
FN:85,(anonymous_2)
FN:95,authenticateToken
FN:106,(anonymous_4)
FN:123,(anonymous_5)
FN:132,(anonymous_6)
FN:152,(anonymous_7)
FN:192,(anonymous_8)
FN:260,(anonymous_9)
FN:267,(anonymous_10)
FN:275,(anonymous_11)
FNF:12
FNH:9
FNDA:0,(anonymous_0)
FNDA:52,(anonymous_1)
FNDA:1,(anonymous_2)
FNDA:40,authenticateToken
FNDA:39,(anonymous_4)
FNDA:8,(anonymous_5)
FNDA:38,(anonymous_6)
FNDA:8,(anonymous_7)
FNDA:37,(anonymous_8)
FNDA:1,(anonymous_9)
FNDA:0,(anonymous_10)
FNDA:0,(anonymous_11)
DA:1,1
DA:2,1
DA:3,1
DA:4,1
DA:5,1
DA:6,1
DA:7,1
DA:8,1
DA:9,1
DA:10,1
DA:11,1
DA:13,1
DA:14,1
DA:16,1
DA:17,1
DA:25,1
DA:26,1
DA:31,1
DA:36,1
DA:59,1
DA:60,0
DA:63,1
DA:65,52
DA:66,51
DA:68,1
DA:78,1
DA:83,1
DA:86,1
DA:87,1
DA:96,40
DA:97,40
DA:99,40
DA:101,40
DA:102,1
DA:103,1
DA:106,39
DA:107,39
DA:108,1
DA:109,1
DA:111,38
DA:112,38
DA:113,38
DA:120,1
DA:123,8
DA:129,1
DA:132,38
DA:145,1
DA:146,1
DA:152,1
DA:153,8
DA:155,8
DA:156,2
DA:160,6
DA:161,1
DA:163,5
DA:164,0
DA:167,5
DA:168,5
DA:169,1
DA:172,4
DA:174,4
DA:176,4
DA:177,2
DA:178,2
DA:179,2
DA:182,2
DA:188,1
DA:189,1
DA:190,1
DA:192,1
DA:193,37
DA:194,37
DA:196,37
DA:197,1
DA:198,1
DA:201,36
DA:202,1
DA:203,1
DA:206,35
DA:207,4
DA:212,1
DA:213,1
DA:215,3
DA:216,1
DA:217,1
DA:221,33
DA:222,2
DA:223,0
DA:224,0
DA:226,2
DA:227,1
DA:228,1
DA:232,32
DA:233,0
DA:234,0
DA:237,32
DA:238,32
DA:239,32
DA:249,32
DA:250,32
DA:252,0
DA:253,0
DA:260,1
DA:261,1
DA:267,1
DA:268,0
DA:274,1
DA:275,0
DA:276,0
DA:277,0
DA:278,0
DA:283,1
LF:112
LH:99
BRDA:16,0,0,1
BRDA:16,0,1,1
BRDA:17,1,0,1
BRDA:17,1,1,1
BRDA:18,2,0,1
BRDA:18,2,1,0
BRDA:26,3,0,1
BRDA:26,3,1,0
BRDA:59,4,0,0
BRDA:59,4,1,1
BRDA:65,5,0,51
BRDA:65,5,1,1
BRDA:65,6,0,52
BRDA:65,6,1,38
BRDA:86,7,0,1
BRDA:86,7,1,0
BRDA:97,8,0,40
BRDA:97,8,1,39
BRDA:99,9,0,39
BRDA:99,9,1,1
BRDA:101,10,0,1
BRDA:101,10,1,39
BRDA:107,11,0,1
BRDA:107,11,1,38
BRDA:122,12,0,0
BRDA:122,12,1,1
BRDA:123,13,0,8
BRDA:123,13,1,8
BRDA:132,14,0,38
BRDA:132,14,1,38
BRDA:145,15,0,1
BRDA:145,15,1,1
BRDA:146,16,0,1
BRDA:146,16,1,1
BRDA:155,17,0,2
BRDA:155,17,1,6
BRDA:155,18,0,8
BRDA:155,18,1,7
BRDA:160,19,0,1
BRDA:160,19,1,5
BRDA:160,20,0,6
BRDA:160,20,1,6
BRDA:163,21,0,0
BRDA:163,21,1,5
BRDA:163,22,0,5
BRDA:163,22,1,5
BRDA:168,23,0,1
BRDA:168,23,1,4
BRDA:176,24,0,2
BRDA:176,24,1,2
BRDA:176,25,0,4
BRDA:176,25,1,4
BRDA:194,26,0,37
BRDA:194,26,1,0
BRDA:194,27,0,3
BRDA:194,27,1,34
BRDA:196,28,0,1
BRDA:196,28,1,36
BRDA:201,29,0,1
BRDA:201,29,1,35
BRDA:207,30,0,1
BRDA:207,30,1,3
BRDA:208,31,0,4
BRDA:208,31,1,4
BRDA:208,31,2,4
BRDA:208,31,3,4
BRDA:215,32,0,1
BRDA:215,32,1,2
BRDA:221,33,0,2
BRDA:221,33,1,31
BRDA:222,34,0,0
BRDA:222,34,1,2
BRDA:226,35,0,1
BRDA:226,35,1,1
BRDA:232,36,0,0
BRDA:232,36,1,32
BRDA:243,37,0,1
BRDA:243,37,1,31
BRDA:274,38,0,0
BRDA:274,38,1,1
BRDA:277,39,0,0
BRDA:277,39,1,0
BRF:82
BRH:70
end_of_record
TN:
SF:public/js/emissions.js
FN:28,(anonymous_0)
FN:72,(anonymous_1)
FN:87,(anonymous_2)
FN:92,(anonymous_3)
FNF:4
FNH:4
FNDA:37,(anonymous_0)
FNDA:4,(anonymous_1)
FNDA:2,(anonymous_2)
FNDA:1,(anonymous_3)
DA:5,2
DA:29,37
DA:30,37
DA:31,37
DA:32,37
DA:33,37
DA:34,37
DA:35,37
DA:36,37
DA:37,37
DA:38,37
DA:41,37
DA:46,37
DA:49,37
DA:53,37
DA:56,37
DA:58,37
DA:73,4
DA:74,4
DA:76,4
DA:77,4
DA:78,1
DA:79,1
DA:80,1
DA:81,1
DA:83,4
DA:86,4
DA:87,4
DA:91,4
DA:92,4
DA:96,4
DA:98,4
DA:101,4
DA:102,1
DA:105,4
DA:110,2
DA:111,2
DA:113,0
LF:38
LH:37
BRDA:29,0,0,37
BRDA:29,0,1,1
BRDA:30,1,0,37
BRDA:30,1,1,1
BRDA:31,2,0,37
BRDA:31,2,1,1
BRDA:32,3,0,37
BRDA:32,3,1,1
BRDA:33,4,0,37
BRDA:33,4,1,1
BRDA:34,5,0,37
BRDA:34,5,1,1
BRDA:35,6,0,37
BRDA:35,6,1,1
BRDA:36,7,0,37
BRDA:36,7,1,1
BRDA:37,8,0,37
BRDA:37,8,1,1
BRDA:38,9,0,37
BRDA:38,9,1,1
BRDA:73,10,0,4
BRDA:73,10,1,0
BRDA:74,11,0,4
BRDA:74,11,1,0
BRDA:77,12,0,3
BRDA:77,12,1,1
BRDA:78,13,0,0
BRDA:78,13,1,1
BRDA:79,14,0,0
BRDA:79,14,1,1
BRDA:80,15,0,0
BRDA:80,15,1,1
BRDA:81,16,0,0
BRDA:81,16,1,1
BRDA:86,17,0,4
BRDA:86,17,1,0
BRDA:87,18,0,2
BRDA:87,18,1,0
BRDA:91,19,0,4
BRDA:91,19,1,0
BRDA:92,20,0,1
BRDA:92,20,1,0
BRDA:96,21,0,4
BRDA:96,21,1,1
BRDA:101,22,0,1
BRDA:101,22,1,3
BRDA:110,23,0,2
BRDA:110,23,1,0
BRDA:110,24,0,2
BRDA:110,24,1,2
BRF:50
BRH:39
end_of_record
